This is pdfTeX, Version 3.14159265-2.6-1.40.17 (TeX Live 2016) (preloaded format=pdflatex 2016.5.22)  27 MAY 2025 10:09
entering extended mode
 \write18 enabled.
 %&-line parsing enabled.
**s4cs.tex
(./s4cs.tex
LaTeX2e <2016/03/31>
Babel <3.9r> and hyphenation patterns for 83 language(s) loaded.
(/usr/local/texlive/2016/texmf-dist/tex/latex/base/book.cls
Document Class: book 2014/09/29 v1.4h Standard LaTeX document class
(/usr/local/texlive/2016/texmf-dist/tex/latex/base/bk10.clo
File: bk10.clo 2014/09/29 v1.4h Standard LaTeX file (size option)
)
\c@part=\count79
\c@chapter=\count80
\c@section=\count81
\c@subsection=\count82
\c@subsubsection=\count83
\c@paragraph=\count84
\c@subparagraph=\count85
\c@figure=\count86
\c@table=\count87
\abovecaptionskip=\skip41
\belowcaptionskip=\skip42
\bibindent=\dimen102
)
(/usr/local/texlive/2016/texmf-dist/tex/latex/geometry/geometry.sty
Package: geometry 2010/09/12 v5.6 Page Geometry

(/usr/local/texlive/2016/texmf-dist/tex/latex/graphics/keyval.sty
Package: keyval 2014/10/28 v1.15 key=value parser (DPC)
\KV@toks@=\toks14
)
(/usr/local/texlive/2016/texmf-dist/tex/generic/oberdiek/ifpdf.sty
Package: ifpdf 2016/05/14 v3.1 Provides the ifpdf switch
)
(/usr/local/texlive/2016/texmf-dist/tex/generic/oberdiek/ifvtex.sty
Package: ifvtex 2016/05/16 v1.6 Detect VTeX and its facilities (HO)
Package ifvtex Info: VTeX not detected.
)
(/usr/local/texlive/2016/texmf-dist/tex/generic/ifxetex/ifxetex.sty
Package: ifxetex 2010/09/12 v0.6 Provides ifxetex conditional
)
\Gm@cnth=\count88
\Gm@cntv=\count89
\c@Gm@tempcnt=\count90
\Gm@bindingoffset=\dimen103
\Gm@wd@mp=\dimen104
\Gm@odd@mp=\dimen105
\Gm@even@mp=\dimen106
\Gm@layoutwidth=\dimen107
\Gm@layoutheight=\dimen108
\Gm@layouthoffset=\dimen109
\Gm@layoutvoffset=\dimen110
\Gm@dimlist=\toks15
)
(/usr/local/texlive/2016/texmf-dist/tex/latex/graphics/graphicx.sty
Package: graphicx 2014/10/28 v1.0g Enhanced LaTeX Graphics (DPC,SPQR)

(/usr/local/texlive/2016/texmf-dist/tex/latex/graphics/graphics.sty
Package: graphics 2016/05/09 v1.0r Standard LaTeX Graphics (DPC,SPQR)

(/usr/local/texlive/2016/texmf-dist/tex/latex/graphics/trig.sty
Package: trig 2016/01/03 v1.10 sin cos tan (DPC)
)
(/usr/local/texlive/2016/texmf-dist/tex/latex/graphics-cfg/graphics.cfg
File: graphics.cfg 2016/01/02 v1.10 sample graphics configuration
)
Package graphics Info: Driver file: pdftex.def on input line 96.

(/usr/local/texlive/2016/texmf-dist/tex/latex/pdftex-def/pdftex.def
File: pdftex.def 2011/05/27 v0.06d Graphics/color for pdfTeX

(/usr/local/texlive/2016/texmf-dist/tex/generic/oberdiek/infwarerr.sty
Package: infwarerr 2016/05/16 v1.4 Providing info/warning/error messages (HO)
)
(/usr/local/texlive/2016/texmf-dist/tex/generic/oberdiek/ltxcmds.sty
Package: ltxcmds 2016/05/16 v1.23 LaTeX kernel commands for general use (HO)
)
\Gread@gobject=\count91
))
\Gin@req@height=\dimen111
\Gin@req@width=\dimen112
)
(/usr/local/texlive/2016/texmf-dist/tex/latex/tools/varioref.sty
Package: varioref 2016/02/16 v1.5c package for extended references (FMi)
\c@vrcnt=\count92
)
(/usr/local/texlive/2016/texmf-dist/tex/latex/soul/soul.sty
Package: soul 2003/11/17 v2.4 letterspacing/underlining (mf)
\SOUL@word=\toks16
\SOUL@lasttoken=\toks17
\SOUL@cmds=\toks18
\SOUL@buffer=\toks19
\SOUL@token=\toks20
\SOUL@spaceskip=\skip43
\SOUL@ttwidth=\dimen113
\SOUL@uldp=\dimen114
\SOUL@ulht=\dimen115
)
(/usr/local/texlive/2016/texmf-dist/tex/latex/tools/verbatim.sty
Package: verbatim 2014/10/28 v1.5q LaTeX2e package for verbatim enhancements
\every@verbatim=\toks21
\verbatim@line=\toks22
\verbatim@in@stream=\read1
)
(/usr/local/texlive/2016/texmf-dist/tex/latex/amsmath/amsmath.sty
Package: amsmath 2016/03/10 v2.15b AMS math features
\@mathmargin=\skip44

For additional information on amsmath, use the `?' option.
(/usr/local/texlive/2016/texmf-dist/tex/latex/amsmath/amstext.sty
Package: amstext 2000/06/29 v2.01 AMS text

(/usr/local/texlive/2016/texmf-dist/tex/latex/amsmath/amsgen.sty
File: amsgen.sty 1999/11/30 v2.0 generic functions
\@emptytoks=\toks23
\ex@=\dimen116
))
(/usr/local/texlive/2016/texmf-dist/tex/latex/amsmath/amsbsy.sty
Package: amsbsy 1999/11/29 v1.2d Bold Symbols
\pmbraise@=\dimen117
)
(/usr/local/texlive/2016/texmf-dist/tex/latex/amsmath/amsopn.sty
Package: amsopn 2016/03/08 v2.02 operator names
)
\inf@bad=\count93
LaTeX Info: Redefining \frac on input line 199.
\uproot@=\count94
\leftroot@=\count95
LaTeX Info: Redefining \overline on input line 297.
\classnum@=\count96
\DOTSCASE@=\count97
LaTeX Info: Redefining \ldots on input line 394.
LaTeX Info: Redefining \dots on input line 397.
LaTeX Info: Redefining \cdots on input line 518.
\Mathstrutbox@=\box26
\strutbox@=\box27
\big@size=\dimen118
LaTeX Font Info:    Redeclaring font encoding OML on input line 634.
LaTeX Font Info:    Redeclaring font encoding OMS on input line 635.
\macc@depth=\count98
\c@MaxMatrixCols=\count99
\dotsspace@=\muskip10
\c@parentequation=\count100
\dspbrk@lvl=\count101
\tag@help=\toks24
\row@=\count102
\column@=\count103
\maxfields@=\count104
\andhelp@=\toks25
\eqnshift@=\dimen119
\alignsep@=\dimen120
\tagshift@=\dimen121
\tagwidth@=\dimen122
\totwidth@=\dimen123
\lineht@=\dimen124
\@envbody=\toks26
\multlinegap=\skip45
\multlinetaggap=\skip46
\mathdisplay@stack=\toks27
LaTeX Info: Redefining \[ on input line 2739.
LaTeX Info: Redefining \] on input line 2740.
)
(/usr/local/texlive/2016/texmf-dist/tex/latex/tools/calc.sty
Package: calc 2014/10/28 v4.3 Infix arithmetic (KKT,FJ)
\calc@Acount=\count105
\calc@Bcount=\count106
\calc@Adimen=\dimen125
\calc@Bdimen=\dimen126
\calc@Askip=\skip47
\calc@Bskip=\skip48
LaTeX Info: Redefining \setlength on input line 80.
LaTeX Info: Redefining \addtolength on input line 81.
\calc@Ccount=\count107
\calc@Cskip=\skip49
)
(/usr/local/texlive/2016/texmf-dist/tex/latex/caption/caption.sty
Package: caption 2016/02/21 v3.3-144 Customizing captions (AR)

(/usr/local/texlive/2016/texmf-dist/tex/latex/caption/caption3.sty
Package: caption3 2016/02/04 v1.7-139 caption3 kernel (AR)
Package caption3 Info: TeX engine: e-TeX on input line 67.
\captionmargin=\dimen127
\captionmargin@=\dimen128
\captionwidth=\dimen129
\caption@tempdima=\dimen130
\caption@indent=\dimen131
\caption@parindent=\dimen132
\caption@hangindent=\dimen133
)
\c@ContinuedFloat=\count108
)
(/usr/local/texlive/2016/texmf-dist/tex/latex/wasysym/wasysym.sty
Package: wasysym 2003/10/30 v2.0 Wasy-2 symbol support package
\symwasy=\mathgroup4
LaTeX Font Info:    Overwriting symbol font `wasy' in version `bold'
(Font)                  U/wasy/m/n --> U/wasy/b/n on input line 90.
)
(/usr/local/texlive/2016/texmf-dist/tex/latex/footmisc/footmisc.sty
Package: footmisc 2011/06/06 v5.5b a miscellany of footnote facilities
\FN@temptoken=\toks28
\footnotemargin=\dimen134
\c@pp@next@reset=\count109
Package footmisc Info: Declaring symbol style bringhurst on input line 855.
Package footmisc Info: Declaring symbol style chicago on input line 863.
Package footmisc Info: Declaring symbol style wiley on input line 872.
Package footmisc Info: Declaring symbol style lamport-robust on input line 883.

Package footmisc Info: Declaring symbol style lamport* on input line 903.
Package footmisc Info: Declaring symbol style lamport*-robust on input line 924
.
)
(/usr/local/texlive/2016/texmf-dist/tex/latex/base/makeidx.sty
Package: makeidx 2014/09/29 v1.0m Standard LaTeX package
)
(/usr/local/texlive/2016/texmf-dist/tex/latex/base/ifthen.sty
Package: ifthen 2014/09/29 v1.1c Standard LaTeX ifthen package (DPC)
)
(/usr/local/texlive/2016/texmf-dist/tex/latex/subfigure/subfigure.sty
Package: subfigure 2002/03/15 v2.1.5 subfigure package
\subfigtopskip=\skip50
\subfigcapskip=\skip51
\subfigcaptopadj=\dimen135
\subfigbottomskip=\skip52
\subfigcapmargin=\dimen136
\subfiglabelskip=\skip53
\c@subfigure=\count110
\c@lofdepth=\count111
\c@subtable=\count112
\c@lotdepth=\count113

****************************************
* Local config file subfigure.cfg used *
****************************************
(/usr/local/texlive/2016/texmf-dist/tex/latex/subfigure/subfigure.cfg)
\subfig@top=\skip54
\subfig@bottom=\skip55
)
(/usr/local/texlive/2016/texmf-dist/tex/latex/tools/multicol.sty
Package: multicol 2016/04/07 v1.8p multicolumn formatting (FMi)
\c@tracingmulticols=\count114
\mult@box=\box28
\multicol@leftmargin=\dimen137
\c@unbalance=\count115
\c@collectmore=\count116
\doublecol@number=\count117
\multicoltolerance=\count118
\multicolpretolerance=\count119
\full@width=\dimen138
\page@free=\dimen139
\premulticols=\dimen140
\postmulticols=\dimen141
\multicolsep=\skip56
\multicolbaselineskip=\skip57
\partial@page=\box29
\last@line=\box30
\maxbalancingoverflow=\dimen142
\mult@rightbox=\box31
\mult@grightbox=\box32
\mult@gfirstbox=\box33
\mult@firstbox=\box34
\@tempa=\box35
\@tempa=\box36
\@tempa=\box37
\@tempa=\box38
\@tempa=\box39
\@tempa=\box40
\@tempa=\box41
\@tempa=\box42
\@tempa=\box43
\@tempa=\box44
\@tempa=\box45
\@tempa=\box46
\@tempa=\box47
\@tempa=\box48
\@tempa=\box49
\@tempa=\box50
\@tempa=\box51
\c@columnbadness=\count120
\c@finalcolumnbadness=\count121
\last@try=\dimen143
\multicolovershoot=\dimen144
\multicolundershoot=\dimen145
\mult@nat@firstbox=\box52
\colbreak@box=\box53
\mc@col@check@num=\count122
)
(/usr/local/texlive/2016/texmf-dist/tex/latex/oberdiek/epstopdf.sty
Package: epstopdf 2016/05/15 v2.6 Conversion with epstopdf on the fly (HO)

(/usr/local/texlive/2016/texmf-dist/tex/latex/oberdiek/epstopdf-base.sty
Package: epstopdf-base 2016/05/15 v2.6 Base part for package epstopdf

(/usr/local/texlive/2016/texmf-dist/tex/latex/oberdiek/grfext.sty
Package: grfext 2016/05/16 v1.2 Manage graphics extensions (HO)

(/usr/local/texlive/2016/texmf-dist/tex/generic/oberdiek/kvdefinekeys.sty
Package: kvdefinekeys 2016/05/16 v1.4 Define keys (HO)
))
(/usr/local/texlive/2016/texmf-dist/tex/latex/oberdiek/kvoptions.sty
Package: kvoptions 2016/05/16 v3.12 Key value format for package options (HO)

(/usr/local/texlive/2016/texmf-dist/tex/generic/oberdiek/kvsetkeys.sty
Package: kvsetkeys 2016/05/16 v1.17 Key value parser (HO)

(/usr/local/texlive/2016/texmf-dist/tex/generic/oberdiek/etexcmds.sty
Package: etexcmds 2016/05/16 v1.6 Avoid name clashes with e-TeX commands (HO)

(/usr/local/texlive/2016/texmf-dist/tex/generic/oberdiek/ifluatex.sty
Package: ifluatex 2016/05/16 v1.4 Provides the ifluatex switch (HO)
Package ifluatex Info: LuaTeX not detected.
)
Package etexcmds Info: Could not find \expanded.
(etexcmds)             That can mean that you are not using pdfTeX 1.50 or
(etexcmds)             that some package has redefined \expanded.
(etexcmds)             In the latter case, load this package earlier.
)))
(/usr/local/texlive/2016/texmf-dist/tex/generic/oberdiek/pdftexcmds.sty
Package: pdftexcmds 2016/05/10 v0.21 Utility functions of pdfTeX for LuaTeX (HO
)
Package pdftexcmds Info: LuaTeX not detected.
Package pdftexcmds Info: \pdf@primitive is available.
Package pdftexcmds Info: \pdf@ifprimitive is available.
Package pdftexcmds Info: \pdfdraftmode found.
)
Package grfext Info: Graphics extension search list:
(grfext)             [.png,.pdf,.jpg,.mps,.jpeg,.jbig2,.jb2,.PNG,.PDF,.JPG,.JPE
G,.JBIG2,.JB2,.eps]
(grfext)             \AppendGraphicsExtensions on input line 456.

(/usr/local/texlive/2016/texmf-dist/tex/latex/latexconfig/epstopdf-sys.cfg
File: epstopdf-sys.cfg 2010/07/13 v1.3 Configuration of (r)epstopdf for TeX Liv
e
)))
(/usr/local/texlive/2016/texmf-dist/tex/latex/tools/enumerate.sty
Package: enumerate 2015/07/23 v3.00 enumerate extensions (DPC)
\@enLab=\toks29
)
(/usr/local/texlive/2016/texmf-dist/tex/latex/wrapfig/wrapfig.sty
\wrapoverhang=\dimen146
\WF@size=\dimen147
\c@WF@wrappedlines=\count123
\WF@box=\box54
\WF@everypar=\toks30
Package: wrapfig 2003/01/31  v 3.6
)
(/usr/local/texlive/2016/texmf-dist/tex/latex/base/textcomp.sty
Package: textcomp 2005/09/27 v1.99g Standard LaTeX package
Package textcomp Info: Sub-encoding information:
(textcomp)               5 = only ISO-Adobe without \textcurrency
(textcomp)               4 = 5 + \texteuro
(textcomp)               3 = 4 + \textohm
(textcomp)               2 = 3 + \textestimated + \textcurrency
(textcomp)               1 = TS1 - \textcircled - \t
(textcomp)               0 = TS1 (full)
(textcomp)             Font families with sub-encoding setting implement
(textcomp)             only a restricted character set as indicated.
(textcomp)             Family '?' is the default used for unknown fonts.
(textcomp)             See the documentation for details.
Package textcomp Info: Setting ? sub-encoding to TS1/1 on input line 79.

(/usr/local/texlive/2016/texmf-dist/tex/latex/base/ts1enc.def
File: ts1enc.def 2001/06/05 v3.0e (jk/car/fm) Standard LaTeX file
)
LaTeX Info: Redefining \oldstylenums on input line 334.
Package textcomp Info: Setting cmr sub-encoding to TS1/0 on input line 349.
Package textcomp Info: Setting cmss sub-encoding to TS1/0 on input line 350.
Package textcomp Info: Setting cmtt sub-encoding to TS1/0 on input line 351.
Package textcomp Info: Setting cmvtt sub-encoding to TS1/0 on input line 352.
Package textcomp Info: Setting cmbr sub-encoding to TS1/0 on input line 353.
Package textcomp Info: Setting cmtl sub-encoding to TS1/0 on input line 354.
Package textcomp Info: Setting ccr sub-encoding to TS1/0 on input line 355.
Package textcomp Info: Setting ptm sub-encoding to TS1/4 on input line 356.
Package textcomp Info: Setting pcr sub-encoding to TS1/4 on input line 357.
Package textcomp Info: Setting phv sub-encoding to TS1/4 on input line 358.
Package textcomp Info: Setting ppl sub-encoding to TS1/3 on input line 359.
Package textcomp Info: Setting pag sub-encoding to TS1/4 on input line 360.
Package textcomp Info: Setting pbk sub-encoding to TS1/4 on input line 361.
Package textcomp Info: Setting pnc sub-encoding to TS1/4 on input line 362.
Package textcomp Info: Setting pzc sub-encoding to TS1/4 on input line 363.
Package textcomp Info: Setting bch sub-encoding to TS1/4 on input line 364.
Package textcomp Info: Setting put sub-encoding to TS1/5 on input line 365.
Package textcomp Info: Setting uag sub-encoding to TS1/5 on input line 366.
Package textcomp Info: Setting ugq sub-encoding to TS1/5 on input line 367.
Package textcomp Info: Setting ul8 sub-encoding to TS1/4 on input line 368.
Package textcomp Info: Setting ul9 sub-encoding to TS1/4 on input line 369.
Package textcomp Info: Setting augie sub-encoding to TS1/5 on input line 370.
Package textcomp Info: Setting dayrom sub-encoding to TS1/3 on input line 371.
Package textcomp Info: Setting dayroms sub-encoding to TS1/3 on input line 372.

Package textcomp Info: Setting pxr sub-encoding to TS1/0 on input line 373.
Package textcomp Info: Setting pxss sub-encoding to TS1/0 on input line 374.
Package textcomp Info: Setting pxtt sub-encoding to TS1/0 on input line 375.
Package textcomp Info: Setting txr sub-encoding to TS1/0 on input line 376.
Package textcomp Info: Setting txss sub-encoding to TS1/0 on input line 377.
Package textcomp Info: Setting txtt sub-encoding to TS1/0 on input line 378.
Package textcomp Info: Setting lmr sub-encoding to TS1/0 on input line 379.
Package textcomp Info: Setting lmdh sub-encoding to TS1/0 on input line 380.
Package textcomp Info: Setting lmss sub-encoding to TS1/0 on input line 381.
Package textcomp Info: Setting lmssq sub-encoding to TS1/0 on input line 382.
Package textcomp Info: Setting lmvtt sub-encoding to TS1/0 on input line 383.
Package textcomp Info: Setting lmtt sub-encoding to TS1/0 on input line 384.
Package textcomp Info: Setting qhv sub-encoding to TS1/0 on input line 385.
Package textcomp Info: Setting qag sub-encoding to TS1/0 on input line 386.
Package textcomp Info: Setting qbk sub-encoding to TS1/0 on input line 387.
Package textcomp Info: Setting qcr sub-encoding to TS1/0 on input line 388.
Package textcomp Info: Setting qcs sub-encoding to TS1/0 on input line 389.
Package textcomp Info: Setting qpl sub-encoding to TS1/0 on input line 390.
Package textcomp Info: Setting qtm sub-encoding to TS1/0 on input line 391.
Package textcomp Info: Setting qzc sub-encoding to TS1/0 on input line 392.
Package textcomp Info: Setting qhvc sub-encoding to TS1/0 on input line 393.
Package textcomp Info: Setting futs sub-encoding to TS1/4 on input line 394.
Package textcomp Info: Setting futx sub-encoding to TS1/4 on input line 395.
Package textcomp Info: Setting futj sub-encoding to TS1/4 on input line 396.
Package textcomp Info: Setting hlh sub-encoding to TS1/3 on input line 397.
Package textcomp Info: Setting hls sub-encoding to TS1/3 on input line 398.
Package textcomp Info: Setting hlst sub-encoding to TS1/3 on input line 399.
Package textcomp Info: Setting hlct sub-encoding to TS1/5 on input line 400.
Package textcomp Info: Setting hlx sub-encoding to TS1/5 on input line 401.
Package textcomp Info: Setting hlce sub-encoding to TS1/5 on input line 402.
Package textcomp Info: Setting hlcn sub-encoding to TS1/5 on input line 403.
Package textcomp Info: Setting hlcw sub-encoding to TS1/5 on input line 404.
Package textcomp Info: Setting hlcf sub-encoding to TS1/5 on input line 405.
Package textcomp Info: Setting pplx sub-encoding to TS1/3 on input line 406.
Package textcomp Info: Setting pplj sub-encoding to TS1/3 on input line 407.
Package textcomp Info: Setting ptmx sub-encoding to TS1/4 on input line 408.
Package textcomp Info: Setting ptmj sub-encoding to TS1/4 on input line 409.
)
(/usr/local/texlive/2016/texmf-dist/tex/latex/multirow/multirow.sty
\bigstrutjot=\dimen148
)
(/usr/local/texlive/2016/texmf-dist/tex/latex/changepage/changepage.sty
Package: changepage 2009/10/20 v1.0c check page and change page layout
\c@cp@cntr=\count124
\cp@tempcnt=\count125
)
(/usr/local/texlive/2016/texmf-dist/tex/latex/setspace/setspace.sty
Package: setspace 2011/12/19 v6.7a set line spacing
)
(/usr/local/texlive/2016/texmf-dist/tex/latex/graphics/lscape.sty
Package: lscape 2000/10/22 v3.01 Landscape Pages (DPC)
)
(/usr/local/texlive/2016/texmf-dist/tex/latex/titlesec/titlesec.sty
Package: titlesec 2016/03/21 v2.10.2 Sectioning titles
\ttl@box=\box55
\beforetitleunit=\skip58
\aftertitleunit=\skip59
\ttl@plus=\dimen149
\ttl@minus=\dimen150
\ttl@toksa=\toks31
\titlewidth=\dimen151
\titlewidthlast=\dimen152
\titlewidthfirst=\dimen153
)
(/usr/local/texlive/2016/texmf-dist/tex/latex/xcolor/xcolor.sty
Package: xcolor 2016/05/11 v2.12 LaTeX color extensions (UK)

(/usr/local/texlive/2016/texmf-dist/tex/latex/graphics-cfg/color.cfg
File: color.cfg 2016/01/02 v1.6 sample color configuration
)
Package xcolor Info: Package option `usenames' ignored on input line 216.
Package xcolor Info: Driver file: pdftex.def on input line 225.
Package xcolor Info: Model `cmy' substituted by `cmy0' on input line 1348.
Package xcolor Info: Model `hsb' substituted by `rgb' on input line 1352.
Package xcolor Info: Model `RGB' extended on input line 1364.
Package xcolor Info: Model `HTML' substituted by `rgb' on input line 1366.
Package xcolor Info: Model `Hsb' substituted by `hsb' on input line 1367.
Package xcolor Info: Model `tHsb' substituted by `hsb' on input line 1368.
Package xcolor Info: Model `HSB' substituted by `hsb' on input line 1369.
Package xcolor Info: Model `Gray' substituted by `gray' on input line 1370.
Package xcolor Info: Model `wave' substituted by `hsb' on input line 1371.

(/usr/local/texlive/2016/texmf-dist/tex/latex/graphics/dvipsnam.def
File: dvipsnam.def 2015/12/30 v3.0k Driver-dependent file (DPC,SPQR)
))
(/usr/local/texlive/2016/texmf-dist/tex/latex/jknapltx/mathrsfs.sty
Package: mathrsfs 1996/01/01 Math RSFS package v1.0 (jk)
\symrsfs=\mathgroup5
)
\@input{extraTeX/style/colorsV1.aux}
\openout2 = `extraTeX/style/colorsV1.aux'.

(./extraTeX/style/colorsV1.tex)
(/usr/local/texlive/2016/texmf-dist/tex/latex/hyperref/hyperref.sty
Package: hyperref 2016/05/05 v6.83n Hypertext links for LaTeX

(/usr/local/texlive/2016/texmf-dist/tex/generic/oberdiek/hobsub-hyperref.sty
Package: hobsub-hyperref 2016/05/16 v1.14 Bundle oberdiek, subset hyperref (HO)


(/usr/local/texlive/2016/texmf-dist/tex/generic/oberdiek/hobsub-generic.sty
Package: hobsub-generic 2016/05/16 v1.14 Bundle oberdiek, subset generic (HO)
Package: hobsub 2016/05/16 v1.14 Construct package bundles (HO)
Package hobsub Info: Skipping package `infwarerr' (already loaded).
Package hobsub Info: Skipping package `ltxcmds' (already loaded).
Package hobsub Info: Skipping package `ifluatex' (already loaded).
Package hobsub Info: Skipping package `ifvtex' (already loaded).
Package: intcalc 2016/05/16 v1.2 Expandable calculations with integers (HO)
Package hobsub Info: Skipping package `ifpdf' (already loaded).
Package hobsub Info: Skipping package `etexcmds' (already loaded).
Package hobsub Info: Skipping package `kvsetkeys' (already loaded).
Package hobsub Info: Skipping package `kvdefinekeys' (already loaded).
Package hobsub Info: Skipping package `pdftexcmds' (already loaded).
Package: pdfescape 2016/05/16 v1.14 Implements pdfTeX's escape features (HO)
Package: bigintcalc 2016/05/16 v1.4 Expandable calculations on big integers (HO
)
Package: bitset 2016/05/16 v1.2 Handle bit-vector datatype (HO)
Package: uniquecounter 2016/05/16 v1.3 Provide unlimited unique counter (HO)
)
Package hobsub Info: Skipping package `hobsub' (already loaded).
Package: letltxmacro 2016/05/16 v1.5 Let assignment for LaTeX macros (HO)
Package: hopatch 2016/05/16 v1.3 Wrapper for package hooks (HO)
Package: xcolor-patch 2016/05/16 xcolor patch
Package: atveryend 2016/05/16 v1.9 Hooks at the very end of document (HO)
Package atveryend Info: \enddocument detected (standard20110627).
Package: atbegshi 2016/05/16 v1.17 At begin shipout hook (HO)
Package: refcount 2016/05/16 v3.5 Data extraction from label references (HO)
Package: hycolor 2016/05/16 v1.8 Color options for hyperref/bookmark (HO)
)
(/usr/local/texlive/2016/texmf-dist/tex/latex/oberdiek/auxhook.sty
Package: auxhook 2016/05/16 v1.4 Hooks for auxiliary files (HO)
)
\@linkdim=\dimen154
\Hy@linkcounter=\count126
\Hy@pagecounter=\count127

(/usr/local/texlive/2016/texmf-dist/tex/latex/hyperref/pd1enc.def
File: pd1enc.def 2016/05/05 v6.83n Hyperref: PDFDocEncoding definition (HO)
)
\Hy@SavedSpaceFactor=\count128

(/usr/local/texlive/2016/texmf-dist/tex/latex/latexconfig/hyperref.cfg
File: hyperref.cfg 2002/06/06 v1.2 hyperref configuration of TeXLive
)
Package hyperref Info: Option `bookmarksnumbered' set `true' on input line 4322
.
Package hyperref Info: Option `colorlinks' set `false' on input line 4322.


Package hyperref Warning: Invalid value `000'
(hyperref)                for option `pdfborder'.
(hyperref)                Option setting is ignored on input line 4322.

Package hyperref Info: Option `colorlinks' set `true' on input line 4322.

Package hyperref Warning: Unexpected value `true'
(hyperref)                of option `backref' instead of
(hyperref)                `section', `slide', `page', `none',
(hyperref)                or `false' on input line 4322.

Package hyperref Info: Hyper figures OFF on input line 4446.
Package hyperref Info: Link nesting OFF on input line 4451.
Package hyperref Info: Hyper index ON on input line 4454.
Package hyperref Info: Plain pages OFF on input line 4461.
Package hyperref Info: Backreferencing OFF on input line 4466.
Package hyperref Info: Implicit mode ON; LaTeX internals redefined.
Package hyperref Info: Bookmarks ON on input line 4691.
\c@Hy@tempcnt=\count129
(/usr/local/texlive/2016/texmf-dist/tex/latex/url/url.sty
\Urlmuskip=\muskip11
Package: url 2013/09/16  ver 3.4  Verb mode for urls, etc.
)
LaTeX Info: Redefining \url on input line 5044.
\XeTeXLinkMargin=\dimen155
\Fld@menulength=\count130
\Field@Width=\dimen156
\Fld@charsize=\dimen157
Package hyperref Info: Hyper figures OFF on input line 6298.
Package hyperref Info: Link nesting OFF on input line 6303.
Package hyperref Info: Hyper index ON on input line 6306.
Package hyperref Info: backreferencing OFF on input line 6313.
Package hyperref Info: Link coloring ON on input line 6316.
Package hyperref Info: Link coloring with OCG OFF on input line 6323.
Package hyperref Info: PDF/A mode OFF on input line 6328.
LaTeX Info: Redefining \ref on input line 6368.
LaTeX Info: Redefining \pageref on input line 6372.
\Hy@abspage=\count131
\c@Item=\count132
\c@Hfootnote=\count133
)

Package hyperref Message: Driver (autodetected): hpdftex.

(/usr/local/texlive/2016/texmf-dist/tex/latex/hyperref/hpdftex.def
File: hpdftex.def 2016/05/05 v6.83n Hyperref driver for pdfTeX
\Fld@listcount=\count134
\c@bookmark@seq@number=\count135

(/usr/local/texlive/2016/texmf-dist/tex/latex/oberdiek/rerunfilecheck.sty
Package: rerunfilecheck 2016/05/16 v1.8 Rerun checks for auxiliary files (HO)
Package uniquecounter Info: New unique counter `rerunfilecheck' on input line 2
82.
)
\Hy@SectionHShift=\skip60
)
(/usr/local/texlive/2016/texmf-dist/tex/latex/pgfplots/pgfplots.sty
(/usr/local/texlive/2016/texmf-dist/tex/generic/pgfplots/pgfplots.revision.tex)
Package: pgfplots 2016/01/06 v1.13 Data Visualization (1.13)
(/usr/local/texlive/2016/texmf-dist/tex/latex/pgf/frontendlayer/tikz.sty
(/usr/local/texlive/2016/texmf-dist/tex/latex/pgf/basiclayer/pgf.sty
(/usr/local/texlive/2016/texmf-dist/tex/latex/pgf/utilities/pgfrcs.sty
(/usr/local/texlive/2016/texmf-dist/tex/generic/pgf/utilities/pgfutil-common.te
x
\pgfutil@everybye=\toks32
\pgfutil@tempdima=\dimen158
\pgfutil@tempdimb=\dimen159

(/usr/local/texlive/2016/texmf-dist/tex/generic/pgf/utilities/pgfutil-common-li
sts.tex))
(/usr/local/texlive/2016/texmf-dist/tex/generic/pgf/utilities/pgfutil-latex.def
\pgfutil@abb=\box56
(/usr/local/texlive/2016/texmf-dist/tex/latex/ms/everyshi.sty
Package: everyshi 2001/05/15 v3.00 EveryShipout Package (MS)
))
(/usr/local/texlive/2016/texmf-dist/tex/generic/pgf/utilities/pgfrcs.code.tex
Package: pgfrcs 2015/08/07 v3.0.1a (rcs-revision 1.31)
))
Package: pgf 2015/08/07 v3.0.1a (rcs-revision 1.15)
(/usr/local/texlive/2016/texmf-dist/tex/latex/pgf/basiclayer/pgfcore.sty
(/usr/local/texlive/2016/texmf-dist/tex/latex/pgf/systemlayer/pgfsys.sty
(/usr/local/texlive/2016/texmf-dist/tex/generic/pgf/systemlayer/pgfsys.code.tex
Package: pgfsys 2014/07/09 v3.0.1a (rcs-revision 1.48)
(/usr/local/texlive/2016/texmf-dist/tex/generic/pgf/utilities/pgfkeys.code.tex
\pgfkeys@pathtoks=\toks33
\pgfkeys@temptoks=\toks34

(/usr/local/texlive/2016/texmf-dist/tex/generic/pgf/utilities/pgfkeysfiltered.c
ode.tex
\pgfkeys@tmptoks=\toks35
))
\pgf@x=\dimen160
\pgf@y=\dimen161
\pgf@xa=\dimen162
\pgf@ya=\dimen163
\pgf@xb=\dimen164
\pgf@yb=\dimen165
\pgf@xc=\dimen166
\pgf@yc=\dimen167
\w@pgf@writea=\write3
\r@pgf@reada=\read2
\c@pgf@counta=\count136
\c@pgf@countb=\count137
\c@pgf@countc=\count138
\c@pgf@countd=\count139
\t@pgf@toka=\toks36
\t@pgf@tokb=\toks37
\t@pgf@tokc=\toks38

(/usr/local/texlive/2016/texmf-dist/tex/generic/pgf/systemlayer/pgf.cfg
File: pgf.cfg 2008/05/14  (rcs-revision 1.7)
)
Driver file for pgf: pgfsys-pdftex.def

(/usr/local/texlive/2016/texmf-dist/tex/generic/pgf/systemlayer/pgfsys-pdftex.d
ef
File: pgfsys-pdftex.def 2014/10/11  (rcs-revision 1.35)

(/usr/local/texlive/2016/texmf-dist/tex/generic/pgf/systemlayer/pgfsys-common-p
df.def
File: pgfsys-common-pdf.def 2013/10/10  (rcs-revision 1.13)
)))
(/usr/local/texlive/2016/texmf-dist/tex/generic/pgf/systemlayer/pgfsyssoftpath.
code.tex
File: pgfsyssoftpath.code.tex 2013/09/09  (rcs-revision 1.9)
\pgfsyssoftpath@smallbuffer@items=\count140
\pgfsyssoftpath@bigbuffer@items=\count141
)
(/usr/local/texlive/2016/texmf-dist/tex/generic/pgf/systemlayer/pgfsysprotocol.
code.tex
File: pgfsysprotocol.code.tex 2006/10/16  (rcs-revision 1.4)
))
(/usr/local/texlive/2016/texmf-dist/tex/generic/pgf/basiclayer/pgfcore.code.tex
Package: pgfcore 2010/04/11 v3.0.1a (rcs-revision 1.7)
(/usr/local/texlive/2016/texmf-dist/tex/generic/pgf/math/pgfmath.code.tex
(/usr/local/texlive/2016/texmf-dist/tex/generic/pgf/math/pgfmathcalc.code.tex
(/usr/local/texlive/2016/texmf-dist/tex/generic/pgf/math/pgfmathutil.code.tex)
(/usr/local/texlive/2016/texmf-dist/tex/generic/pgf/math/pgfmathparser.code.tex
\pgfmath@dimen=\dimen168
\pgfmath@count=\count142
\pgfmath@box=\box57
\pgfmath@toks=\toks39
\pgfmath@stack@operand=\toks40
\pgfmath@stack@operation=\toks41
)
(/usr/local/texlive/2016/texmf-dist/tex/generic/pgf/math/pgfmathfunctions.code.
tex
(/usr/local/texlive/2016/texmf-dist/tex/generic/pgf/math/pgfmathfunctions.basic
.code.tex)
(/usr/local/texlive/2016/texmf-dist/tex/generic/pgf/math/pgfmathfunctions.trigo
nometric.code.tex)
(/usr/local/texlive/2016/texmf-dist/tex/generic/pgf/math/pgfmathfunctions.rando
m.code.tex)
(/usr/local/texlive/2016/texmf-dist/tex/generic/pgf/math/pgfmathfunctions.compa
rison.code.tex)
(/usr/local/texlive/2016/texmf-dist/tex/generic/pgf/math/pgfmathfunctions.base.
code.tex)
(/usr/local/texlive/2016/texmf-dist/tex/generic/pgf/math/pgfmathfunctions.round
.code.tex)
(/usr/local/texlive/2016/texmf-dist/tex/generic/pgf/math/pgfmathfunctions.misc.
code.tex)
(/usr/local/texlive/2016/texmf-dist/tex/generic/pgf/math/pgfmathfunctions.integ
erarithmetics.code.tex)))
(/usr/local/texlive/2016/texmf-dist/tex/generic/pgf/math/pgfmathfloat.code.tex
\c@pgfmathroundto@lastzeros=\count143
))
(/usr/local/texlive/2016/texmf-dist/tex/generic/pgf/basiclayer/pgfcorepoints.co
de.tex
File: pgfcorepoints.code.tex 2013/10/07  (rcs-revision 1.27)
\pgf@picminx=\dimen169
\pgf@picmaxx=\dimen170
\pgf@picminy=\dimen171
\pgf@picmaxy=\dimen172
\pgf@pathminx=\dimen173
\pgf@pathmaxx=\dimen174
\pgf@pathminy=\dimen175
\pgf@pathmaxy=\dimen176
\pgf@xx=\dimen177
\pgf@xy=\dimen178
\pgf@yx=\dimen179
\pgf@yy=\dimen180
\pgf@zx=\dimen181
\pgf@zy=\dimen182
)
(/usr/local/texlive/2016/texmf-dist/tex/generic/pgf/basiclayer/pgfcorepathconst
ruct.code.tex
File: pgfcorepathconstruct.code.tex 2013/10/07  (rcs-revision 1.29)
\pgf@path@lastx=\dimen183
\pgf@path@lasty=\dimen184
)
(/usr/local/texlive/2016/texmf-dist/tex/generic/pgf/basiclayer/pgfcorepathusage
.code.tex
File: pgfcorepathusage.code.tex 2014/11/02  (rcs-revision 1.24)
\pgf@shorten@end@additional=\dimen185
\pgf@shorten@start@additional=\dimen186
)
(/usr/local/texlive/2016/texmf-dist/tex/generic/pgf/basiclayer/pgfcorescopes.co
de.tex
File: pgfcorescopes.code.tex 2015/05/08  (rcs-revision 1.46)
\pgfpic=\box58
\pgf@hbox=\box59
\pgf@layerbox@main=\box60
\pgf@picture@serial@count=\count144
)
(/usr/local/texlive/2016/texmf-dist/tex/generic/pgf/basiclayer/pgfcoregraphicst
ate.code.tex
File: pgfcoregraphicstate.code.tex 2014/11/02  (rcs-revision 1.12)
\pgflinewidth=\dimen187
)
(/usr/local/texlive/2016/texmf-dist/tex/generic/pgf/basiclayer/pgfcoretransform
ations.code.tex
File: pgfcoretransformations.code.tex 2015/08/07  (rcs-revision 1.20)
\pgf@pt@x=\dimen188
\pgf@pt@y=\dimen189
\pgf@pt@temp=\dimen190
)
(/usr/local/texlive/2016/texmf-dist/tex/generic/pgf/basiclayer/pgfcorequick.cod
e.tex
File: pgfcorequick.code.tex 2008/10/09  (rcs-revision 1.3)
)
(/usr/local/texlive/2016/texmf-dist/tex/generic/pgf/basiclayer/pgfcoreobjects.c
ode.tex
File: pgfcoreobjects.code.tex 2006/10/11  (rcs-revision 1.2)
)
(/usr/local/texlive/2016/texmf-dist/tex/generic/pgf/basiclayer/pgfcorepathproce
ssing.code.tex
File: pgfcorepathprocessing.code.tex 2013/09/09  (rcs-revision 1.9)
)
(/usr/local/texlive/2016/texmf-dist/tex/generic/pgf/basiclayer/pgfcorearrows.co
de.tex
File: pgfcorearrows.code.tex 2015/05/14  (rcs-revision 1.43)
\pgfarrowsep=\dimen191
)
(/usr/local/texlive/2016/texmf-dist/tex/generic/pgf/basiclayer/pgfcoreshade.cod
e.tex
File: pgfcoreshade.code.tex 2013/07/15  (rcs-revision 1.15)
\pgf@max=\dimen192
\pgf@sys@shading@range@num=\count145
)
(/usr/local/texlive/2016/texmf-dist/tex/generic/pgf/basiclayer/pgfcoreimage.cod
e.tex
File: pgfcoreimage.code.tex 2013/07/15  (rcs-revision 1.18)

(/usr/local/texlive/2016/texmf-dist/tex/generic/pgf/basiclayer/pgfcoreexternal.
code.tex
File: pgfcoreexternal.code.tex 2014/07/09  (rcs-revision 1.21)
\pgfexternal@startupbox=\box61
))
(/usr/local/texlive/2016/texmf-dist/tex/generic/pgf/basiclayer/pgfcorelayers.co
de.tex
File: pgfcorelayers.code.tex 2013/07/18  (rcs-revision 1.7)
)
(/usr/local/texlive/2016/texmf-dist/tex/generic/pgf/basiclayer/pgfcoretranspare
ncy.code.tex
File: pgfcoretransparency.code.tex 2013/09/30  (rcs-revision 1.5)
)
(/usr/local/texlive/2016/texmf-dist/tex/generic/pgf/basiclayer/pgfcorepatterns.
code.tex
File: pgfcorepatterns.code.tex 2013/11/07  (rcs-revision 1.5)
)))
(/usr/local/texlive/2016/texmf-dist/tex/generic/pgf/modules/pgfmoduleshapes.cod
e.tex
File: pgfmoduleshapes.code.tex 2014/03/21  (rcs-revision 1.35)
\pgfnodeparttextbox=\box62
)
(/usr/local/texlive/2016/texmf-dist/tex/generic/pgf/modules/pgfmoduleplot.code.
tex
File: pgfmoduleplot.code.tex 2015/08/03  (rcs-revision 1.13)
)
(/usr/local/texlive/2016/texmf-dist/tex/latex/pgf/compatibility/pgfcomp-version
-0-65.sty
Package: pgfcomp-version-0-65 2007/07/03 v3.0.1a (rcs-revision 1.7)
\pgf@nodesepstart=\dimen193
\pgf@nodesepend=\dimen194
)
(/usr/local/texlive/2016/texmf-dist/tex/latex/pgf/compatibility/pgfcomp-version
-1-18.sty
Package: pgfcomp-version-1-18 2007/07/23 v3.0.1a (rcs-revision 1.1)
))
(/usr/local/texlive/2016/texmf-dist/tex/latex/pgf/utilities/pgffor.sty
(/usr/local/texlive/2016/texmf-dist/tex/latex/pgf/utilities/pgfkeys.sty
(/usr/local/texlive/2016/texmf-dist/tex/generic/pgf/utilities/pgfkeys.code.tex)
) (/usr/local/texlive/2016/texmf-dist/tex/latex/pgf/math/pgfmath.sty
(/usr/local/texlive/2016/texmf-dist/tex/generic/pgf/math/pgfmath.code.tex))
(/usr/local/texlive/2016/texmf-dist/tex/generic/pgf/utilities/pgffor.code.tex
Package: pgffor 2013/12/13 v3.0.1a (rcs-revision 1.25)

(/usr/local/texlive/2016/texmf-dist/tex/generic/pgf/math/pgfmath.code.tex)
\pgffor@iter=\dimen195
\pgffor@skip=\dimen196
\pgffor@stack=\toks42
\pgffor@toks=\toks43
))
(/usr/local/texlive/2016/texmf-dist/tex/generic/pgf/frontendlayer/tikz/tikz.cod
e.tex
Package: tikz 2015/08/07 v3.0.1a (rcs-revision 1.151)

(/usr/local/texlive/2016/texmf-dist/tex/generic/pgf/libraries/pgflibraryplothan
dlers.code.tex
File: pgflibraryplothandlers.code.tex 2013/08/31 v3.0.1a (rcs-revision 1.20)
\pgf@plot@mark@count=\count146
\pgfplotmarksize=\dimen197
)
\tikz@lastx=\dimen198
\tikz@lasty=\dimen199
\tikz@lastxsaved=\dimen256
\tikz@lastysaved=\dimen257
\tikzleveldistance=\dimen258
\tikzsiblingdistance=\dimen259
\tikz@figbox=\box63
\tikz@figbox@bg=\box64
\tikz@tempbox=\box65
\tikz@tempbox@bg=\box66
\tikztreelevel=\count147
\tikznumberofchildren=\count148
\tikznumberofcurrentchild=\count149
\tikz@fig@count=\count150

(/usr/local/texlive/2016/texmf-dist/tex/generic/pgf/modules/pgfmodulematrix.cod
e.tex
File: pgfmodulematrix.code.tex 2013/09/17  (rcs-revision 1.8)
\pgfmatrixcurrentrow=\count151
\pgfmatrixcurrentcolumn=\count152
\pgf@matrix@numberofcolumns=\count153
)
\tikz@expandcount=\count154

(/usr/local/texlive/2016/texmf-dist/tex/generic/pgf/frontendlayer/tikz/librarie
s/tikzlibrarytopaths.code.tex
File: tikzlibrarytopaths.code.tex 2008/06/17 v3.0.1a (rcs-revision 1.2)
)))
(/usr/local/texlive/2016/texmf-dist/tex/generic/pgfplots/pgfplots.code.tex
(/usr/local/texlive/2016/texmf-dist/tex/generic/pgfplots/pgfplotscore.code.tex
\t@pgfplots@toka=\toks44
\t@pgfplots@tokb=\toks45
\t@pgfplots@tokc=\toks46
\pgfplots@tmpa=\dimen260
\c@pgfplots@coordindex=\count155
\c@pgfplots@scanlineindex=\count156

(/usr/local/texlive/2016/texmf-dist/tex/generic/pgfplots/sys/pgfplotssysgeneric
.code.tex))
(/usr/local/texlive/2016/texmf-dist/tex/generic/pgfplots/libs/pgfplotslibrary.c
ode.tex)
(/usr/local/texlive/2016/texmf-dist/tex/generic/pgfplots/oldpgfcompatib/pgfplot
soldpgfsupp_loader.code.tex
(/usr/local/texlive/2016/texmf-dist/tex/generic/pgf/libraries/pgflibraryfpu.cod
e.tex)
Package pgfplots: loading complementary arithmetics for your pgf version...

(/usr/local/texlive/2016/texmf-dist/tex/generic/pgfplots/oldpgfcompatib/pgfplot
soldpgfsupp_pgflibraryfpu.code.tex)
(/usr/local/texlive/2016/texmf-dist/tex/generic/pgfplots/oldpgfcompatib/pgfplot
soldpgfsupp_pgfmathfloat.code.tex
\c@pgfmathroundto@lastzeros=\count157
))
(/usr/local/texlive/2016/texmf-dist/tex/generic/pgfplots/util/pgfplotsutil.code
.tex
(/usr/local/texlive/2016/texmf-dist/tex/generic/pgfplots/liststructure/pgfplots
liststructure.code.tex)
(/usr/local/texlive/2016/texmf-dist/tex/generic/pgfplots/liststructure/pgfplots
liststructureext.code.tex)
(/usr/local/texlive/2016/texmf-dist/tex/generic/pgfplots/liststructure/pgfplots
array.code.tex
\c@pgfplotsarray@tmp=\count158
)
(/usr/local/texlive/2016/texmf-dist/tex/generic/pgfplots/liststructure/pgfplots
matrix.code.tex)
(/usr/local/texlive/2016/texmf-dist/tex/generic/pgfplots/numtable/pgfplotstable
shared.code.tex
\c@pgfplotstable@counta=\count159
\t@pgfplotstable@a=\toks47
)
(/usr/local/texlive/2016/texmf-dist/tex/generic/pgfplots/liststructure/pgfplots
deque.code.tex)
(/usr/local/texlive/2016/texmf-dist/tex/generic/pgfplots/util/pgfplotsbinary.co
de.tex
(/usr/local/texlive/2016/texmf-dist/tex/generic/pgfplots/util/pgfplotsbinary.da
ta.code.tex))
(/usr/local/texlive/2016/texmf-dist/tex/generic/pgfplots/util/pgfplotsutil.verb
.code.tex)
(/usr/local/texlive/2016/texmf-dist/tex/generic/pgfplots/libs/pgflibrarypgfplot
s.surfshading.code.tex
\c@pgfplotslibrarysurf@no=\count160

(/usr/local/texlive/2016/texmf-dist/tex/generic/pgfplots/sys/pgflibrarypgfplots
.surfshading.pgfsys-pdftex.def)))
(/usr/local/texlive/2016/texmf-dist/tex/generic/pgfplots/util/pgfplotscolormap.
code.tex
(/usr/local/texlive/2016/texmf-dist/tex/generic/pgfplots/util/pgfplotscolor.cod
e.tex))
(/usr/local/texlive/2016/texmf-dist/tex/generic/pgfplots/pgfplotsstackedplots.c
ode.tex)
(/usr/local/texlive/2016/texmf-dist/tex/generic/pgfplots/pgfplotsplothandlers.c
ode.tex
(/usr/local/texlive/2016/texmf-dist/tex/generic/pgfplots/pgfplotsmeshplothandle
r.code.tex
(/usr/local/texlive/2016/texmf-dist/tex/generic/pgfplots/pgfplotsmeshplotimage.
code.tex)))
(/usr/local/texlive/2016/texmf-dist/tex/generic/pgfplots/pgfplots.scaling.code.
tex)
(/usr/local/texlive/2016/texmf-dist/tex/generic/pgfplots/pgfplotscoordprocessin
g.code.tex)
(/usr/local/texlive/2016/texmf-dist/tex/generic/pgfplots/pgfplots.errorbars.cod
e.tex)
(/usr/local/texlive/2016/texmf-dist/tex/generic/pgfplots/pgfplots.markers.code.
tex)
(/usr/local/texlive/2016/texmf-dist/tex/generic/pgfplots/pgfplotsticks.code.tex
)
(/usr/local/texlive/2016/texmf-dist/tex/generic/pgfplots/pgfplots.paths.code.te
x)
(/usr/local/texlive/2016/texmf-dist/tex/generic/pgf/frontendlayer/tikz/librarie
s/tikzlibrarydecorations.code.tex
(/usr/local/texlive/2016/texmf-dist/tex/generic/pgf/modules/pgfmoduledecoration
s.code.tex
\pgfdecoratedcompleteddistance=\dimen261
\pgfdecoratedremainingdistance=\dimen262
\pgfdecoratedinputsegmentcompleteddistance=\dimen263
\pgfdecoratedinputsegmentremainingdistance=\dimen264
\pgf@decorate@distancetomove=\dimen265
\pgf@decorate@repeatstate=\count161
\pgfdecorationsegmentamplitude=\dimen266
\pgfdecorationsegmentlength=\dimen267
)
\tikz@lib@dec@box=\box67
)
(/usr/local/texlive/2016/texmf-dist/tex/generic/pgf/frontendlayer/tikz/librarie
s/tikzlibrarydecorations.pathmorphing.code.tex
(/usr/local/texlive/2016/texmf-dist/tex/generic/pgf/libraries/decorations/pgfli
brarydecorations.pathmorphing.code.tex))
(/usr/local/texlive/2016/texmf-dist/tex/generic/pgf/frontendlayer/tikz/librarie
s/tikzlibrarydecorations.pathreplacing.code.tex
(/usr/local/texlive/2016/texmf-dist/tex/generic/pgf/libraries/decorations/pgfli
brarydecorations.pathreplacing.code.tex))
\pgfplots@numplots=\count162
\pgfplots@xmin@reg=\dimen268
\pgfplots@xmax@reg=\dimen269
\pgfplots@ymin@reg=\dimen270
\pgfplots@ymax@reg=\dimen271
\pgfplots@zmin@reg=\dimen272
\pgfplots@zmax@reg=\dimen273
)
(/usr/local/texlive/2016/texmf-dist/tex/generic/pgf/frontendlayer/tikz/librarie
s/tikzlibraryplotmarks.code.tex
File: tikzlibraryplotmarks.code.tex 2008/01/09 v3.0.1a (rcs-revision 1.1)

(/usr/local/texlive/2016/texmf-dist/tex/generic/pgf/libraries/pgflibraryplotmar
ks.code.tex
File: pgflibraryplotmarks.code.tex 2015/08/03 v3.0.1a (rcs-revision 1.14)
))) (/usr/local/texlive/2016/texmf-dist/tex/latex/amscls/amsthm.sty
Package: amsthm 2015/03/04 v2.20.2
\thm@style=\toks48
\thm@bodyfont=\toks49
\thm@headfont=\toks50
\thm@notefont=\toks51
\thm@headpunct=\toks52
\thm@preskip=\skip61
\thm@postskip=\skip62
\thm@headsep=\skip63
\dth@everypar=\toks53
) (/usr/local/texlive/2016/texmf-dist/tex/latex/amsfonts/amssymb.sty
Package: amssymb 2013/01/14 v3.01 AMS font symbols

(/usr/local/texlive/2016/texmf-dist/tex/latex/amsfonts/amsfonts.sty
Package: amsfonts 2013/01/14 v3.01 Basic AMSFonts support
\symAMSa=\mathgroup6
\symAMSb=\mathgroup7
LaTeX Font Info:    Overwriting math alphabet `\mathfrak' in version `bold'
(Font)                  U/euf/m/n --> U/euf/b/n on input line 106.
))
\c@thm=\count163

(/usr/local/texlive/2016/texmf-dist/tex/generic/pgf/frontendlayer/tikz/librarie
s/tikzlibraryarrows.code.tex
File: tikzlibraryarrows.code.tex 2008/01/09 v3.0.1a (rcs-revision 1.1)

(/usr/local/texlive/2016/texmf-dist/tex/generic/pgf/libraries/pgflibraryarrows.
code.tex
File: pgflibraryarrows.code.tex 2013/09/23 v3.0.1a (rcs-revision 1.16)
\arrowsize=\dimen274
))
(/usr/local/texlive/2016/texmf-dist/tex/generic/pgf/frontendlayer/tikz/librarie
s/tikzlibraryautomata.code.tex
File: tikzlibraryautomata.code.tex 2008/07/14 v3.0.1a (rcs-revision 1.3)

(/usr/local/texlive/2016/texmf-dist/tex/generic/pgf/frontendlayer/tikz/librarie
s/tikzlibraryshapes.multipart.code.tex
File: tikzlibraryshapes.multipart.code.tex 2008/01/09 v3.0.1a (rcs-revision 1.1
)

(/usr/local/texlive/2016/texmf-dist/tex/generic/pgf/libraries/shapes/pgflibrary
shapes.multipart.code.tex
File: pgflibraryshapes.multipart.code.tex 2010/01/07 v3.0.1a (rcs-revision 1.2)

\pgfnodepartlowerbox=\box68
\pgfnodeparttwobox=\box69
\pgfnodepartthreebox=\box70
\pgfnodepartfourbox=\box71
\pgfnodeparttwentybox=\box72
\pgfnodepartnineteenbox=\box73
\pgfnodeparteighteenbox=\box74
\pgfnodepartseventeenbox=\box75
\pgfnodepartsixteenbox=\box76
\pgfnodepartfifteenbox=\box77
\pgfnodepartfourteenbox=\box78
\pgfnodepartthirteenbox=\box79
\pgfnodeparttwelvebox=\box80
\pgfnodepartelevenbox=\box81
\pgfnodeparttenbox=\box82
\pgfnodepartninebox=\box83
\pgfnodeparteightbox=\box84
\pgfnodepartsevenbox=\box85
\pgfnodepartsixbox=\box86
\pgfnodepartfivebox=\box87
)))
(/usr/local/texlive/2016/texmf-dist/tex/generic/pgf/frontendlayer/tikz/librarie
s/tikzlibrarypositioning.code.tex
File: tikzlibrarypositioning.code.tex 2008/10/06 v3.0.1a (rcs-revision 1.7)
)
(/usr/local/texlive/2016/texmf-dist/tex/latex/biblatex/biblatex.sty
Package: biblatex 2016/05/14 v3.4 programmable bibliographies (PK/JW/AB)

(/usr/local/texlive/2016/texmf-dist/tex/generic/iftex/iftex.sty
Package: iftex 2013/04/04 v0.2 Provides if(tex) conditional for PDFTeX, XeTeX, 
and LuaTeX
)
(/usr/local/texlive/2016/texmf-dist/tex/latex/etoolbox/etoolbox.sty
Package: etoolbox 2015/08/02 v2.2a e-TeX tools for LaTeX (JAW)
\etb@tempcnta=\count164
)
(/usr/local/texlive/2016/texmf-dist/tex/latex/logreq/logreq.sty
Package: logreq 2010/08/04 v1.0 xml request logger
\lrq@indent=\count165

(/usr/local/texlive/2016/texmf-dist/tex/latex/logreq/logreq.def
File: logreq.def 2010/08/04 v1.0 logreq spec v1.0
))
(/usr/local/texlive/2016/texmf-dist/tex/generic/xstring/xstring.sty
(/usr/local/texlive/2016/texmf-dist/tex/generic/xstring/xstring.tex
\@xs@message=\write4
\integerpart=\count166
\decimalpart=\count167
)
Package: xstring 2013/10/13  v1.7c  String manipulations (C Tellechea)
)
\c@tabx@nest=\count168
\c@listtotal=\count169
\c@listcount=\count170
\c@liststart=\count171
\c@liststop=\count172
\c@citecount=\count173
\c@citetotal=\count174
\c@multicitecount=\count175
\c@multicitetotal=\count176
\c@instcount=\count177
\c@maxnames=\count178
\c@minnames=\count179
\c@maxitems=\count180
\c@minitems=\count181
\c@citecounter=\count182
\c@savedcitecounter=\count183
\c@uniquelist=\count184
\c@uniquename=\count185
\c@refsection=\count186
\c@refsegment=\count187
\c@maxextratitle=\count188
\c@maxextratitleyear=\count189
\c@maxextrayear=\count190
\c@maxextraalpha=\count191
\c@abbrvpenalty=\count192
\c@highnamepenalty=\count193
\c@lownamepenalty=\count194
\c@maxparens=\count195
\c@parenlevel=\count196
\blx@tempcnta=\count197
\blx@tempcntb=\count198
\blx@tempcntc=\count199
\blx@maxsection=\count266
\blx@maxsegment@0=\count267
\blx@notetype=\count268
\blx@parenlevel@text=\count269
\blx@parenlevel@foot=\count270
\blx@sectionciteorder@0=\count271
\labelnumberwidth=\skip64
\labelalphawidth=\skip65
\biblabelsep=\skip66
\bibitemsep=\skip67
\bibnamesep=\skip68
\bibinitsep=\skip69
\bibparsep=\skip70
\bibhang=\skip71
\blx@bcfin=\read3
\blx@bcfout=\write5
\c@mincomprange=\count272
\c@maxcomprange=\count273
\c@mincompwidth=\count274
Package biblatex Info: Trying to load biblatex default data model...
Package biblatex Info: ... file 'blx-dm.def' found.

(/usr/local/texlive/2016/texmf-dist/tex/latex/biblatex/blx-dm.def)
Package biblatex Info: Trying to load biblatex style data model...
Package biblatex Info: ... file 'authortitle-ibid.dbx' not found.
Package biblatex Info: Trying to load biblatex custom data model...
Package biblatex Info: ... file 'biblatex-dm.cfg' not found.
\c@afterword=\count275
\c@savedafterword=\count276
\c@annotator=\count277
\c@savedannotator=\count278
\c@author=\count279
\c@savedauthor=\count280
\c@bookauthor=\count281
\c@savedbookauthor=\count282
\c@commentator=\count283
\c@savedcommentator=\count284
\c@editor=\count285
\c@savededitor=\count286
\c@editora=\count287
\c@savededitora=\count288
\c@editorb=\count289
\c@savededitorb=\count290
\c@editorc=\count291
\c@savededitorc=\count292
\c@foreword=\count293
\c@savedforeword=\count294
\c@holder=\count295
\c@savedholder=\count296
\c@introduction=\count297
\c@savedintroduction=\count298
\c@namea=\count299
\c@savednamea=\count300
\c@nameb=\count301
\c@savednameb=\count302
\c@namec=\count303
\c@savednamec=\count304
\c@translator=\count305
\c@savedtranslator=\count306
\c@shortauthor=\count307
\c@savedshortauthor=\count308
\c@shorteditor=\count309
\c@savedshorteditor=\count310
\c@labelname=\count311
\c@savedlabelname=\count312
\c@institution=\count313
\c@savedinstitution=\count314
\c@lista=\count315
\c@savedlista=\count316
\c@listb=\count317
\c@savedlistb=\count318
\c@listc=\count319
\c@savedlistc=\count320
\c@listd=\count321
\c@savedlistd=\count322
\c@liste=\count323
\c@savedliste=\count324
\c@listf=\count325
\c@savedlistf=\count326
\c@location=\count327
\c@savedlocation=\count328
\c@organization=\count329
\c@savedorganization=\count330
\c@origlocation=\count331
\c@savedoriglocation=\count332
\c@origpublisher=\count333
\c@savedorigpublisher=\count334
\c@publisher=\count335
\c@savedpublisher=\count336
\c@language=\count337
\c@savedlanguage=\count338
\c@pageref=\count339
\c@savedpageref=\count340
\shorthandwidth=\skip72
\shortjournalwidth=\skip73
\shortserieswidth=\skip74
\shorttitlewidth=\skip75
\shortauthorwidth=\skip76
\shorteditorwidth=\skip77
Package biblatex Info: Trying to load compatibility code...
Package biblatex Info: ... file 'blx-compat.def' found.

(/usr/local/texlive/2016/texmf-dist/tex/latex/biblatex/blx-compat.def
File: blx-compat.def 2016/05/14 v3.4 biblatex compatibility (PK/JW/AB)
)
Package biblatex Info: Trying to load BibTeX backend compatibility...
Package biblatex Info: ... file 'blx-bibtex.def' found.

(/usr/local/texlive/2016/texmf-dist/tex/latex/biblatex/blx-bibtex.def
File: blx-bibtex.def 2016/05/14 v3.4 biblatex compatibility (PK/JW/AB)


Package biblatex Warning: Using fall-back BibTeX(8) backend:
(biblatex)                functionality may be reduced/unavailable.

)
Package biblatex Info: Trying to load generic definitions...
Package biblatex Info: ... file 'biblatex.def' found.
 (/usr/local/texlive/2016/texmf-dist/tex/latex/biblatex/biblatex.def
File: biblatex.def 2016/05/14 v3.4 biblatex compatibility (PK/JW/AB)
\c@textcitecount=\count341
\c@textcitetotal=\count342
\c@textcitemaxnames=\count343
\c@biburlnumpenalty=\count344
\c@biburlucpenalty=\count345
\c@biburllcpenalty=\count346
\c@smartand=\count347
)
Package biblatex Info: Trying to load natbib compatibility...
Package biblatex Info: ... file 'blx-natbib.def' found.

(/usr/local/texlive/2016/texmf-dist/tex/latex/biblatex/blx-natbib.def
File: blx-natbib.def 2016/05/14 v3.4 biblatex compatibility (PK/JW/AB)
)
Package biblatex Info: Trying to load bibliography style 'authortitle-ibid'...
Package biblatex Info: ... file 'authortitle-ibid.bbx' found.

(/usr/local/texlive/2016/texmf-dist/tex/latex/biblatex/bbx/authortitle-ibid.bbx
File: authortitle-ibid.bbx 2016/05/14 v3.4 biblatex bibliography style (PK/JW/A
B)
Package biblatex Info: Trying to load bibliography style 'authortitle'...
Package biblatex Info: ... file 'authortitle.bbx' found.
(/usr/local/texlive/2016/texmf-dist/tex/latex/biblatex/bbx/authortitle.bbx
File: authortitle.bbx 2016/05/14 v3.4 biblatex bibliography style (PK/JW/AB)
Package biblatex Info: Trying to load bibliography style 'standard'...
Package biblatex Info: ... file 'standard.bbx' found.

(/usr/local/texlive/2016/texmf-dist/tex/latex/biblatex/bbx/standard.bbx
File: standard.bbx 2016/05/14 v3.4 biblatex bibliography style (PK/JW/AB)
\c@bbx:relatedcount=\count348
\c@bbx:relatedtotal=\count349
)))
Package biblatex Info: Trying to load citation style 'authortitle-ibid'...
Package biblatex Info: ... file 'authortitle-ibid.cbx' found.

(/usr/local/texlive/2016/texmf-dist/tex/latex/biblatex/cbx/authortitle-ibid.cbx
File: authortitle-ibid.cbx 2016/05/14 v3.4 biblatex citation style (PK/JW/AB)
Package biblatex Info: Redefining '\cite'.
Package biblatex Info: Redefining '\parencite'.
Package biblatex Info: Redefining '\footcite'.
Package biblatex Info: Redefining '\footcitetext'.
Package biblatex Info: Redefining '\smartcite'.
Package biblatex Info: Redefining '\textcite'.
Package biblatex Info: Redefining '\textcites'.
)
Package biblatex Info: Trying to load configuration file...
Package biblatex Info: ... file 'biblatex.cfg' found.
 (/usr/local/texlive/2016/texmf-dist/tex/latex/biblatex/biblatex.cfg
File: biblatex.cfg 
))
(/usr/local/texlive/2016/texmf-dist/tex/latex/imakeidx/imakeidx.sty
Package: imakeidx 2016/05/16 v1.3c Package for typesetting indices in a synchro
nous mode

(/usr/local/texlive/2016/texmf-dist/tex/latex/xkeyval/xkeyval.sty
Package: xkeyval 2014/12/03 v2.7a package option processing (HA)

(/usr/local/texlive/2016/texmf-dist/tex/generic/xkeyval/xkeyval.tex
(/usr/local/texlive/2016/texmf-dist/tex/generic/xkeyval/xkvutils.tex
\XKV@toks=\toks54
\XKV@tempa@toks=\toks55
)
\XKV@depth=\count350
File: xkeyval.tex 2014/12/03 v2.7a key=value parser (HA)
)))
\s4cs@idxfile=\write6
\openout6 = `s4cs.idx'.


Writing index file s4cs.idx
\@input{extraTeX/style/style.aux}
\openout2 = `extraTeX/style/style.aux'.

(./extraTeX/style/style.tex
\c@alwaysOne=\count351
\c@alwaysTwo=\count352
\c@alwaysThree=\count353
\c@alwaysFour=\count354
\c@withinChNum=\count355
\c@eoce=\count356
\c@eocesolch=\count357
\c@eocesol=\count358
\exampleAboveBar=\skip78
\exampleBelowBar=\skip79
\mycaptionwidth=\skip80
)
\@input{extraTeX/preamble/title.aux}
\openout2 = `extraTeX/preamble/title.aux'.

(./extraTeX/preamble/title.tex)
Package biblatex Info: Trying to load language 'english'...
Package biblatex Info: ... file 'english.lbx' found.

(/usr/local/texlive/2016/texmf-dist/tex/latex/biblatex/lbx/english.lbx
File: english.lbx 2016/05/14 v3.4 biblatex localization (PK/JW/AB)
)
\@quotelevel=\count359
\@quotereset=\count360

(./s4cs.aux (./extraTeX/preamble/copyright.aux)
(./extraTeX/preamble/preface.aux) (./ch_intro_to_data/TeX/ch_intro_to_data.aux)
(./ch_intro_to_data/TeX/ch_intro_to_data_ex.aux)
(./ch_probability/TeX/ch_probability.aux)
(./ch_probability/TeX/ch_probability_ex.aux)
(./ch_distributions/TeX/ch_distributions.aux)
(./ch_distributions/TeX/ch_distributions_ex.aux)
(./ch_inference_foundations/TeX/ch_inference_foundations.aux)
(./ch_inference_foundations/TeX/ch_inference_foundations_ex.aux)
(./ch_inference_for_means/TeX/ch_inference_for_means.aux)
(./ch_inference_for_means/TeX/ch_inference_for_means_ex.aux)
(./ch_inference_for_props/TeX/ch_inference_for_props.aux)
(./ch_inference_for_props/TeX/ch_inference_for_props_ex.aux)
(./ch_regr_simple_linear/TeX/ch_regr_simple_linear.aux)
(./ch_regr_simple_linear/TeX/ch_regr_simple_linear_ex.aux)
(./ch_markov/TeX/ch_markov.aux) (./ch_markov/TeX/ch_markov_ex.aux)
(./extraTeX/eoceSolutions/eoceSolutions.aux) (./extraTeX/index/index.aux))
\openout1 = `s4cs.aux'.

LaTeX Font Info:    Checking defaults for OML/cmm/m/it on input line 86.
LaTeX Font Info:    ... okay on input line 86.
LaTeX Font Info:    Checking defaults for T1/cmr/m/n on input line 86.
LaTeX Font Info:    ... okay on input line 86.
LaTeX Font Info:    Checking defaults for OT1/cmr/m/n on input line 86.
LaTeX Font Info:    ... okay on input line 86.
LaTeX Font Info:    Checking defaults for OMS/cmsy/m/n on input line 86.
LaTeX Font Info:    ... okay on input line 86.
LaTeX Font Info:    Checking defaults for OMX/cmex/m/n on input line 86.
LaTeX Font Info:    ... okay on input line 86.
LaTeX Font Info:    Checking defaults for U/cmr/m/n on input line 86.
LaTeX Font Info:    ... okay on input line 86.
LaTeX Font Info:    Checking defaults for TS1/cmr/m/n on input line 86.
LaTeX Font Info:    Try loading font information for TS1+cmr on input line 86.

(/usr/local/texlive/2016/texmf-dist/tex/latex/base/ts1cmr.fd
File: ts1cmr.fd 2014/09/29 v2.5h Standard LaTeX font definitions
)
LaTeX Font Info:    ... okay on input line 86.
LaTeX Font Info:    Checking defaults for PD1/pdf/m/n on input line 86.
LaTeX Font Info:    ... okay on input line 86.

*geometry* driver: auto-detecting
*geometry* detected driver: pdftex
*geometry* verbose mode - [ preamble ] result:
* driver: pdftex
* paper: <default>
* layout: <same size as paper>
* layoutoffset:(h,v)=(0.0pt,0.0pt)
* modes: twoside 
* h-part:(L,W,R)=(73.71613pt, 430.00462pt, 110.57425pt)
* v-part:(T,H,B)=(95.39737pt, 556.47656pt, 143.09605pt)
* \paperwidth=578.15999pt
* \paperheight=722.7pt
* \textwidth=393.87128pt
* \textheight=596.2275pt
* \oddsidemargin=8.53581pt
* \evensidemargin=8.53581pt
* \topmargin=-6.94011pt
* \headheight=12.0pt
* \headsep=18.06749pt
* \topskip=10.0pt
* \footskip=25.29494pt
* \marginparwidth=56.9055pt
* \marginparsep=14.22636pt
* \columnsep=10.0pt
* \skip\footins=9.0pt plus 4.0pt minus 2.0pt
* \hoffset=10.5275pt
* \voffset=-28.45274pt
* \mag=1000
* \@twocolumnfalse
* \@twosidetrue
* \@mparswitchtrue
* \@reversemarginfalse
* (1in=72.27pt=25.4mm, 1cm=28.453pt)

(/usr/local/texlive/2016/texmf-dist/tex/context/base/mkii/supp-pdf.mkii
[Loading MPS to PDF converter (version 2006.09.02).]
\scratchcounter=\count361
\scratchdimen=\dimen275
\scratchbox=\box88
\nofMPsegments=\count362
\nofMParguments=\count363
\everyMPshowfont=\toks56
\MPscratchCnt=\count364
\MPscratchDim=\dimen276
\MPnumerator=\count365
\makeMPintoPDFobject=\count366
\everyMPtoPDFconversion=\toks57
)
Package caption Info: Begin \AtBeginDocument code.
Package caption Info: hyperref package is loaded.
Package caption Info: subfigure package is loaded.
Package caption Info: wrapfig package is loaded.
Package caption Info: End \AtBeginDocument code.
\AtBeginShipoutBox=\box89
Package hyperref Info: Link coloring ON on input line 86.
 (/usr/local/texlive/2016/texmf-dist/tex/latex/hyperref/nameref.sty
Package: nameref 2012/10/27 v2.43 Cross-referencing by name of section

(/usr/local/texlive/2016/texmf-dist/tex/generic/oberdiek/gettitlestring.sty
Package: gettitlestring 2016/05/16 v1.5 Cleanup title references (HO)
)
\c@section@level=\count367
LaTeX Info: Redefining \Ref on input line 513.
)
LaTeX Info: Redefining \ref on input line 86.
LaTeX Info: Redefining \pageref on input line 86.
LaTeX Info: Redefining \nameref on input line 86.

(./s4cs.out) (./s4cs.out)
\@outlinefile=\write7
\openout7 = `s4cs.out'.

LaTeX Info: Redefining \Ref on input line 86.
 ABD: EveryShipout initializing macros

Package pgfplots Warning: running in backwards compatibility mode (unsuitable t
ick labels; missing features). Consider writing \pgfplotsset{compat=1.13} into 
your preamble.
 on input line 86.

Package biblatex Info: No input encoding detected.
(biblatex)             Assuming 'ascii'.
Package biblatex Info: Automatic encoding selection.
(biblatex)             Assuming data encoding 'ascii'.
Package biblatex Info: Input encoding 'ascii' specified.
Package biblatex Info: Data encoding 'ascii' specified.
(biblatex)             No need to reencode data.
\openout5 = `s4cs-blx.bib'.

Package biblatex Info: Trying to load bibliographic data...
Package biblatex Info: ... file 's4cs.bbl' not found.
No file s4cs.bbl.
Package biblatex Info: Reference section=0 on input line 86.
Package biblatex Info: Reference segment=0 on input line 86.
LaTeX Font Info:    Try loading font information for U+wasy on input line 89.
(/usr/local/texlive/2016/texmf-dist/tex/latex/wasysym/uwasy.fd
File: uwasy.fd 2003/10/30 v2.0 Wasy-2 symbol font definitions
)
LaTeX Font Info:    Try loading font information for U+rsfs on input line 89.

(/usr/local/texlive/2016/texmf-dist/tex/latex/jknapltx/ursfs.fd
File: ursfs.fd 1998/03/24 rsfs font definition file (jk)
)
LaTeX Font Info:    Try loading font information for U+msa on input line 89.

(/usr/local/texlive/2016/texmf-dist/tex/latex/amsfonts/umsa.fd
File: umsa.fd 2013/01/14 v3.01 AMS symbols A
)
LaTeX Font Info:    Try loading font information for U+msb on input line 89.

(/usr/local/texlive/2016/texmf-dist/tex/latex/amsfonts/umsb.fd
File: umsb.fd 2013/01/14 v3.01 AMS symbols B
) [1








{/usr/local/texlive/2016/texmf-var/fonts/map/pdftex/updmap/pdftex.map}]
\openout2 = `extraTeX/preamble/copyright.aux'.


(./extraTeX/preamble/copyright.tex
Underfull \hbox (badness 10000) in paragraph at lines 4--6

 []

<extraTex/preamble/88x31.png, id=252, 88.33pt x 31.11626pt>
File: extraTex/preamble/88x31.png Graphic file (type png)

<use extraTex/preamble/88x31.png>
Package pdftex.def Info: extraTex/preamble/88x31.png used on input line 7.
(pdftex.def)             Requested size: 50.58878pt x 17.82095pt.

Underfull \hbox (badness 10000) in paragraph at lines 15--17

 []

)pdfTeX warning (ext4): destination with the same identifier (name{page.}) has 
been already used, duplicate ignored
<to be read again> 
                   \relax 
l.89 \include{extraTeX/preamble/copyright}
                                          %_derivative} [2


 <./extraTex/preamble/88x31.png>] (./s4cs.toc [3


])
\tf@toc=\write8
\openout8 = `s4cs.toc'.

 [4]
\openout2 = `extraTeX/preamble/preface.aux'.

 (./extraTeX/preamble/preface.tex
Overfull \hbox (0.10315pt too wide) in paragraph at lines 29--30
[]\OT1/cmr/m/n/10 An in-tro-duc-tion to re-gres-sion with two vari-ables. 
 []

[5


]) [6]
\openout2 = `ch_intro_to_data/TeX/ch_intro_to_data.aux'.

 (./ch_intro_to_data/TeX/ch_intro_to_data.tex
Chapter 1.
[7



]
Underfull \hbox (badness 10000) in paragraph at lines 63--64

 []

[8]
<ch_intro_to_data/figures/pie-chart-s4cs.png, id=389, 656.4525pt x 410.53375pt>
File: ch_intro_to_data/figures/pie-chart-s4cs.png Graphic file (type png)
<use ch_intro_to_data/figures/pie-chart-s4cs.png>
Package pdftex.def Info: ch_intro_to_data/figures/pie-chart-s4cs.png used on in
put line 99.
(pdftex.def)             Requested size: 196.93564pt x 123.16107pt.
) [9 <./ch_intro_to_data/figures/pie-chart-s4cs.png>]
\openout2 = `ch_intro_to_data/TeX/ch_intro_to_data_ex.aux'.

 (./ch_intro_to_data/TeX/ch_intro_to_data_ex.tex
Underfull \hbox (badness 10000) in paragraph at lines 66--66

 []


Underfull \hbox (badness 10000) in paragraph at lines 66--66

 []


Underfull \hbox (badness 10000) in paragraph at lines 66--66

 []

[10


]
Overfull \hbox (120.69139pt too wide) in paragraph at lines 102--102
[][][] \OT1/cmr/m/n/8 See [][]$\OT1/cmtt/m/n/8 https : / / math . stackexchange
 . com / questions / 11669 / mathematical-[]difference-[]between-[]white-[]and-
[]black-[]notes-[]in-[]a-[]piano /
 []

<ch_intro_to_data/TeX/F.jpg, id=454, 1541.76pt x 2055.68pt>
File: ch_intro_to_data/TeX/F.jpg Graphic file (type jpg)

<use ch_intro_to_data/TeX/F.jpg>
Package pdftex.def Info: ch_intro_to_data/TeX/F.jpg used on input line 105.
(pdftex.def)             Requested size: 144.54pt x 192.71953pt.

<ch_intro_to_data/TeX/G.jpg, id=455, 1541.76pt x 2055.68pt>
File: ch_intro_to_data/TeX/G.jpg Graphic file (type jpg)

<use ch_intro_to_data/TeX/G.jpg>
Package pdftex.def Info: ch_intro_to_data/TeX/G.jpg used on input line 106.
(pdftex.def)             Requested size: 144.54pt x 192.71953pt.
) [11 <./ch_intro_to_data/TeX/F.jpg> <./ch_intro_to_data/TeX/G.jpg>]
\openout2 = `ch_probability/TeX/ch_probability.aux'.

 (./ch_probability/TeX/ch_probability.tex
Chapter 2.

Underfull \hbox (badness 10000) in paragraph at lines 13--14

 []


Underfull \hbox (badness 10000) in paragraph at lines 27--28

 []

[12



]
<ch_probability/figures/dieProp/dieProp.pdf, id=474, 469.755pt x 216.81pt>
File: ch_probability/figures/dieProp/dieProp.pdf Graphic file (type pdf)

<use ch_probability/figures/dieProp/dieProp.pdf>
Package pdftex.def Info: ch_probability/figures/dieProp/dieProp.pdf used on inp
ut line 44.
(pdftex.def)             Requested size: 334.79298pt x 154.51842pt.

Underfull \hbox (badness 10000) in paragraph at lines 51--52

 []

[13 <./ch_probability/figures/dieProp/dieProp.pdf>]
Underfull \hbox (badness 10000) in paragraph at lines 120--121

 []


<ch_probability/figures/disjointSets/disjointSets.pdf, id=492, 241.90375pt x 57
.21375pt>
File: ch_probability/figures/disjointSets/disjointSets.pdf Graphic file (type p
df)
 <use ch_probability/figures/disjointSets/disjointSets.pdf>
Package pdftex.def Info: ch_probability/figures/disjointSets/disjointSets.pdf u
sed on input line 129.
(pdftex.def)             Requested size: 216.6304pt x 51.23871pt.

Underfull \hbox (badness 10000) in paragraph at lines 148--149

 []

[14]
Underfull \hbox (badness 10000) in paragraph at lines 182--183

 []

[15 <./ch_probability/figures/disjointSets/disjointSets.pdf>]
<ch_probability/figures/diceSumDist/diceSumDist.pdf, id=519, 397.485pt x 216.81
pt>
File: ch_probability/figures/diceSumDist/diceSumDist.pdf Graphic file (type pdf
)
 <use ch_probability/figures/diceSumDist/diceSumDist.pdf>
Package pdftex.def Info: ch_probability/figures/diceSumDist/diceSumDist.pdf use
d on input line 187.
(pdftex.def)             Requested size: 287.52434pt x 156.8342pt.
 [16 <./ch_probability/figures/diceSumDist/diceSumDist.pdf>]
Underfull \hbox (badness 10000) in paragraph at lines 233--234

 []


Underfull \hbox (badness 10000) in paragraph at lines 275--276

 []


Underfull \vbox (badness 7832) has occurred while \output is active []

 [17]
Underfull \hbox (badness 10000) in paragraph at lines 347--348

 []


Underfull \vbox (badness 1616) has occurred while \output is active []

 [18]
<ch_probability/figures/smallpoxTreeDiagram/smallpoxTreeDiagram.pdf, id=560, 50
5.89pt x 252.945pt>
File: ch_probability/figures/smallpoxTreeDiagram/smallpoxTreeDiagram.pdf Graphi
c file (type pdf)

<use ch_probability/figures/smallpoxTreeDiagram/smallpoxTreeDiagram.pdf>
Package pdftex.def Info: ch_probability/figures/smallpoxTreeDiagram/smallpoxTre
eDiagram.pdf used on input line 365.
(pdftex.def)             Requested size: 366.2974pt x 183.15077pt.

[19 <./ch_probability/figures/smallpoxTreeDiagram/smallpoxTreeDiagram.pdf>]
[20] [21]
Underfull \hbox (badness 10000) in paragraph at lines 549--550

 []

[22]
<ch_probability/figures/contBalance/contBalance.pdf, id=605, 289.08pt x 158.592
5pt>
File: ch_probability/figures/contBalance/contBalance.pdf Graphic file (type pdf
)
 <use ch_probability/figures/contBalance/contBalance.pdf>
Package pdftex.def Info: ch_probability/figures/contBalance/contBalance.pdf use
d on input line 561.
(pdftex.def)             Requested size: 267.82957pt x 146.94257pt.
 [23 <./ch_probability/figures/contBalance/contBalance.pdf>]
Underfull \hbox (badness 10000) in paragraph at lines 634--635

 []

[24]
Underfull \hbox (badness 10000) in paragraph at lines 662--663

 []

[25]
Underfull \hbox (badness 10000) in paragraph at lines 674--675

 []

[26] [27] [28]) [29]
\openout2 = `ch_probability/TeX/ch_probability_ex.aux'.

 (./ch_probability/TeX/ch_probability_ex.tex) [30


]
\openout2 = `ch_distributions/TeX/ch_distributions.aux'.


(./ch_distributions/TeX/ch_distributions.tex
Chapter 3.

<ch_distributions/figures/simpleNormal/simpleNormal.pdf, id=693, 289.08pt x 118
.4425pt>
File: ch_distributions/figures/simpleNormal/simpleNormal.pdf Graphic file (type
 pdf)
 <use ch_distributions/figures/simpleNormal/simpleNormal.pdf>
Package pdftex.def Info: ch_distributions/figures/simpleNormal/simpleNormal.pdf
 used on input line 22.
(pdftex.def)             Requested size: 275.70868pt x 112.96974pt.

Underfull \hbox (badness 10000) in paragraph at lines 28--29

 []


Underfull \vbox (badness 10000) has occurred while \output is active []

 [31



 <./ch_distributions/figures/simpleNormal/simpleNormal.pdf>]
Underfull \hbox (badness 10000) in paragraph at lines 35--36

 []

[32]
Underfull \vbox (badness 1895) has occurred while \output is active []

 [33]
<ch_distributions/figures/6895997/6895997.pdf, id=717, 361.35pt x 180.675pt>
File: ch_distributions/figures/6895997/6895997.pdf Graphic file (type pdf)

<use ch_distributions/figures/6895997/6895997.pdf>
Package pdftex.def Info: ch_distributions/figures/6895997/6895997.pdf used on i
nput line 149.
(pdftex.def)             Requested size: 274.62886pt x 137.31255pt.
 [34]
Underfull \hbox (badness 10000) in paragraph at lines 179--180

 []

[35 <./ch_distributions/figures/6895997/6895997.pdf>]
Underfull \hbox (badness 10000) in paragraph at lines 210--211

 []


Underfull \hbox (badness 10000) in paragraph at lines 235--236

 []

[36]

Package amsthm Warning: The \qedhere command may not work correctly here on inp
ut line 276.


Package amsmath Warning: Foreign command \atopwithdelims;
(amsmath)                \frac or \genfrac should be used instead
(amsmath)                 on input line 308.

[37]
Underfull \hbox (badness 10000) in paragraph at lines 374--375

 []


Underfull \vbox (badness 1436) has occurred while \output is active []

 [38]
Underfull \hbox (badness 10000) in paragraph at lines 398--399

 []


Underfull \hbox (badness 10000) in paragraph at lines 410--411

 []


<ch_distributions/figures/normApproxToBinomFail/normApproxToBinomFail.pdf, id=7
61, 542.025pt x 187.70125pt>
File: ch_distributions/figures/normApproxToBinomFail/normApproxToBinomFail.pdf 
Graphic file (type pdf)

<use ch_distributions/figures/normApproxToBinomFail/normApproxToBinomFail.pdf>
Package pdftex.def Info: ch_distributions/figures/normApproxToBinomFail/normApp
roxToBinomFail.pdf used on input line 422.
(pdftex.def)             Requested size: 393.87128pt x 136.39926pt.

Underfull \hbox (badness 10000) in paragraph at lines 450--451

 []

[39]
Underfull \hbox (badness 10000) in paragraph at lines 479--480

 []


Underfull \vbox (badness 10000) has occurred while \output is active []

 [40 <./ch_distributions/figures/normApproxToBinomFail/normApproxToBinomFail.pd
f>]
[41] <extraTeX/icons/video_camera.png, id=789, 156.1032pt x 150.5625pt>
File: extraTeX/icons/video_camera.png Graphic file (type png)

<use extraTeX/icons/video_camera.png>
Package pdftex.def Info: extraTeX/icons/video_camera.png used on input line 534
.
(pdftex.def)             Requested size: 17.6978pt x 17.07164pt.
 [42 <./extraTeX/icons/video_camera.png (PNG copy)>] [43]
Overfull \hbox (6.57195pt too wide) in paragraph at lines 654--660
\OT1/cmr/m/n/10 which ac-cord-ing to Wol-fra-mAl-pha (in-put: []\OT1/cmtt/m/n/1
0 (75+99900)x**3+(25+99900)x+2(-99900)\OT1/cmr/m/n/10 )
 []


LaTeX Warning: Citation 'coronaKim' on page 44 undefined on input line 661.


Overfull \hbox (45.1971pt too wide) in paragraph at lines 661--662
[]\OT1/cmr/m/n/10 This ex-am-ple is taken from the pa-per[][][][][] avail-able 
at []\OT1/cmtt/m/n/10 http://hdl.handle.net/10125/64934\OT1/cmr/m/n/10 . 
 []

Missing character: There is no  in font cmr10!
Missing character: There is no  in font cmr10!
Missing character: There is no  in font cmr10!
[44] [45]
Overfull \hbox (51.75314pt too wide) in alignment at lines 793--799
 [][][] []
 []


Overfull \hbox (23.83408pt too wide) in alignment at lines 815--820
 [][][] []
 []

[46]

LaTeX Warning: Citation 'coronaKim' on page 47 undefined on input line 830.

[47]) [48]
\openout2 = `ch_distributions/TeX/ch_distributions_ex.aux'.

 (./ch_distributions/TeX/ch_distributions_ex.tex) [49


]
\openout2 = `ch_inference_foundations/TeX/ch_inference_foundations.aux'.


(./ch_inference_foundations/TeX/ch_inference_foundations.tex
Chapter 4.

<ch_inference_foundations/figures/yrbssActiveRunningMean/yrbssActiveRunningMean
.pdf, id=886, 397.485pt x 194.7275pt>
File: ch_inference_foundations/figures/yrbssActiveRunningMean/yrbssActiveRunnin
gMean.pdf Graphic file (type pdf)

<use ch_inference_foundations/figures/yrbssActiveRunningMean/yrbssActiveRunning
Mean.pdf>
Package pdftex.def Info: ch_inference_foundations/figures/yrbssActiveRunningMea
n/yrbssActiveRunningMean.pdf used on input line 19.
(pdftex.def)             Requested size: 283.5878pt x 138.93196pt.

Underfull \hbox (badness 10000) in paragraph at lines 28--29

 []


Underfull \hbox (badness 10000) in paragraph at lines 38--39

 []


Underfull \hbox (badness 10000) in paragraph at lines 52--53

 []

[50



]
Underfull \hbox (badness 10000) in paragraph at lines 83--84

 []

[51 <./ch_inference_foundations/figures/yrbssActiveRunningMean/yrbssActiveRunni
ngMean.pdf>]
<ch_inference_foundations/figures/choosingZForCI/choosingZForCI.pdf, id=905, 54
6.04pt x 277.035pt>
File: ch_inference_foundations/figures/choosingZForCI/choosingZForCI.pdf Graphi
c file (type pdf)

<use ch_inference_foundations/figures/choosingZForCI/choosingZForCI.pdf>
Package pdftex.def Info: ch_inference_foundations/figures/choosingZForCI/choosi
ngZForCI.pdf used on input line 92.
(pdftex.def)             Requested size: 393.87128pt x 199.83281pt.

Underfull \hbox (badness 10000) in paragraph at lines 108--109

 []


Underfull \hbox (badness 10000) in paragraph at lines 114--115

 []


Underfull \vbox (badness 10000) has occurred while \output is active []

 [52 <./ch_inference_foundations/figures/choosingZForCI/choosingZForCI.pdf>]
Underfull \hbox (badness 10000) in paragraph at lines 126--127

 []


Underfull \hbox (badness 10000) in paragraph at lines 132--133

 []


Underfull \hbox (badness 10000) in paragraph at lines 151--152

 []

[53]
<ch_inference_foundations/figures/whyWeWantPValue/whyWeWantPValue.pdf, id=929, 
454.69875pt x 180.675pt>
File: ch_inference_foundations/figures/whyWeWantPValue/whyWeWantPValue.pdf Grap
hic file (type pdf)

<use ch_inference_foundations/figures/whyWeWantPValue/whyWeWantPValue.pdf>
Package pdftex.def Info: ch_inference_foundations/figures/whyWeWantPValue/whyWe
WantPValue.pdf used on input line 206.
(pdftex.def)             Requested size: 295.40346pt x 117.37946pt.

Underfull \hbox (badness 10000) in paragraph at lines 220--221

 []

[54]
Underfull \hbox (badness 10000) in paragraph at lines 235--236

 []


<ch_inference_foundations/figures/pValueOneSidedSleepStudy/pValueOneSidedSleepS
tudy.pdf, id=939, 487.8225pt x 190.7125pt>
File: ch_inference_foundations/figures/pValueOneSidedSleepStudy/pValueOneSidedS
leepStudy.pdf Graphic file (type pdf)

<use ch_inference_foundations/figures/pValueOneSidedSleepStudy/pValueOneSidedSl
eepStudy.pdf>
Package pdftex.def Info: ch_inference_foundations/figures/pValueOneSidedSleepSt
udy/pValueOneSidedSleepStudy.pdf used on input line 240.
(pdftex.def)             Requested size: 326.91388pt x 127.8058pt.
 [55 <./ch_inference_foundations/figures/whyWeWantPValue/whyWeWantPValue.pdf> <
./ch_inference_foundations/figures/pValueOneSidedSleepStudy/pValueOneSidedSleep
Study.pdf>]
<ch_inference_foundations/figures/pValueOneSidedSleepStudyExplained/pValueOneSi
dedSleepStudyExplained.pdf, id=958, 496.85625pt x 198.7425pt>
File: ch_inference_foundations/figures/pValueOneSidedSleepStudyExplained/pValue
OneSidedSleepStudyExplained.pdf Graphic file (type pdf)

<use ch_inference_foundations/figures/pValueOneSidedSleepStudyExplained/pValueO
neSidedSleepStudyExplained.pdf>
Package pdftex.def Info: ch_inference_foundations/figures/pValueOneSidedSleepSt
udyExplained/pValueOneSidedSleepStudyExplained.pdf used on input line 257.
(pdftex.def)             Requested size: 354.48174pt x 141.7935pt.

Underfull \hbox (badness 10000) in paragraph at lines 263--264

 []


<ch_inference_foundations/figures/2ndSchSleepHTExample/2ndSchSleepHTExample.pdf
, id=960, 433.62pt x 172.645pt>
File: ch_inference_foundations/figures/2ndSchSleepHTExample/2ndSchSleepHTExampl
e.pdf Graphic file (type pdf)

<use ch_inference_foundations/figures/2ndSchSleepHTExample/2ndSchSleepHTExample
.pdf>
Package pdftex.def Info: ch_inference_foundations/figures/2ndSchSleepHTExample/
2ndSchSleepHTExample.pdf used on input line 274.
(pdftex.def)             Requested size: 354.48174pt x 141.14304pt.

Underfull \hbox (badness 10000) in paragraph at lines 282--283

 []


Underfull \vbox (badness 1253) has occurred while \output is active []

 [56 <./ch_inference_foundations/figures/pValueOneSidedSleepStudyExplained/pVal
ueOneSidedSleepStudyExplained.pdf>]
Underfull \hbox (badness 10000) in paragraph at lines 329--330

 []

[57 <./ch_inference_foundations/figures/2ndSchSleepHTExample/2ndSchSleepHTExamp
le.pdf>]
<ch_inference_foundations/figures/cltSimulations/cltSimulations.pdf, id=985, 49
0.83376pt x 578.16pt>
File: ch_inference_foundations/figures/cltSimulations/cltSimulations.pdf Graphi
c file (type pdf)

<use ch_inference_foundations/figures/cltSimulations/cltSimulations.pdf>
Package pdftex.def Info: ch_inference_foundations/figures/cltSimulations/cltSim
ulations.pdf used on input line 338.
(pdftex.def)             Requested size: 393.87128pt x 463.9578pt.

Underfull \hbox (badness 10000) in paragraph at lines 351--352

 []

[58] [59 <./ch_inference_foundations/figures/cltSimulations/cltSimulations.pdf>
]
Underfull \hbox (badness 10000) in paragraph at lines 413--414

 []


Underfull \vbox (badness 1057) has occurred while \output is active []

 [60]
Underfull \hbox (badness 10000) in paragraph at lines 445--446

 []


Underfull \vbox (badness 10000) has occurred while \output is active []

 [61]
[62]) [63]
\openout2 = `ch_inference_foundations/TeX/ch_inference_foundations_ex.aux'.

 (./ch_inference_foundations/TeX/ch_inference_foundations_ex.tex)
[64


]
\openout2 = `ch_inference_for_means/TeX/ch_inference_for_means.aux'.

 (./ch_inference_for_means/TeX/ch_inference_for_means.tex
Chapter 5.

Overfull \vbox (1.48605pt too high) has occurred while \output is active []


[65



]
Underfull \hbox (badness 10000) in paragraph at lines 56--57

 []


Overfull \hbox (0.63423pt too wide) in paragraph at lines 78--79
[]\OT1/cmr/m/n/10 Thus, when draw-ing $\OML/cmm/m/it/10 n$ \OT1/cmr/m/n/10 sam-
ples $\OML/cmm/m/it/10 ![]; [] ; ![]$ \OT1/cmr/m/n/10 or in an-other ex-pres-si
on $(\OML/cmm/m/it/10 X[]\OT1/cmr/m/n/10 (\OML/cmm/m/it/10 !\OT1/cmr/m/n/10 )\O
ML/cmm/m/it/10 ; [] ; X[]\OT1/cmr/m/n/10 (\OML/cmm/m/it/10 !\OT1/cmr/m/n/10 ))$
,
 []

[66]
Underfull \hbox (badness 10000) in paragraph at lines 108--109

 []

[67]
Underfull \hbox (badness 10000) in paragraph at lines 200--201

 []

[68]
Underfull \hbox (badness 10000) in paragraph at lines 263--264

 []

[69] [70]) [71]
\openout2 = `ch_inference_for_means/TeX/ch_inference_for_means_ex.aux'.

 (./ch_inference_for_means/TeX/ch_inference_for_means_ex.tex)
[72


]
\openout2 = `ch_inference_for_props/TeX/ch_inference_for_props.aux'.

 (./ch_inference_for_props/TeX/ch_inference_for_props.tex
Chapter 6.

Underfull \hbox (badness 10000) in paragraph at lines 27--28

 []

[73



]
Underfull \hbox (badness 10000) in paragraph at lines 56--57

 []


Underfull \hbox (badness 10000) in paragraph at lines 73--74

 []

[74] [75]
Underfull \hbox (badness 10000) in paragraph at lines 158--159

 []

[76]
Underfull \hbox (badness 10000) in paragraph at lines 186--187

 []

[77] [78] [79]
<ch_inference_for_props/figures/chiSquareDistributionWithInceasingDF/chiSquareD
istributionWithInceasingDF.pdf, id=1211, 469.755pt x 216.81pt>
File: ch_inference_for_props/figures/chiSquareDistributionWithInceasingDF/chiSq
uareDistributionWithInceasingDF.pdf Graphic file (type pdf)

<use ch_inference_for_props/figures/chiSquareDistributionWithInceasingDF/chiSqu
areDistributionWithInceasingDF.pdf>
Package pdftex.def Info: ch_inference_for_props/figures/chiSquareDistributionWi
thInceasingDF/chiSquareDistributionWithInceasingDF.pdf used on input line 301.
(pdftex.def)             Requested size: 354.48174pt x 163.60619pt.

Underfull \vbox (badness 1603) has occurred while \output is active []

 [80 <./ch_inference_for_props/figures/chiSquareDistributionWithInceasingDF/chi
SquareDistributionWithInceasingDF.pdf>]
Underfull \hbox (badness 10000) in paragraph at lines 343--344

 []


Underfull \hbox (badness 10000) in paragraph at lines 354--355

 []


Underfull \hbox (badness 10000) in paragraph at lines 367--368

 []


Underfull \hbox (badness 10000) in paragraph at lines 379--380

 []


Underfull \vbox (badness 2512) has occurred while \output is active []

 [81]
Underfull \hbox (badness 10000) in paragraph at lines 383--384

 []


<ch_inference_for_props/figures/googleHTForDiffAlgPerformancePValue/googleHTFor
DiffAlgPerformancePValue.pdf, id=1234, 361.35pt x 162.6075pt>
File: ch_inference_for_props/figures/googleHTForDiffAlgPerformancePValue/google
HTForDiffAlgPerformancePValue.pdf Graphic file (type pdf)

<use ch_inference_for_props/figures/googleHTForDiffAlgPerformancePValue/googleH
TForDiffAlgPerformancePValue.pdf>
Package pdftex.def Info: ch_inference_for_props/figures/googleHTForDiffAlgPerfo
rmancePValue/googleHTForDiffAlgPerformancePValue.pdf used on input line 388.
(pdftex.def)             Requested size: 275.70868pt x 124.06929pt.
 [82 <./ch_inference_for_props/figures/googleHTForDiffAlgPerformancePValue/goog
leHTForDiffAlgPerformancePValue.pdf>])
[83]
\openout2 = `ch_inference_for_props/TeX/ch_inference_for_props_ex.aux'.

 (./ch_inference_for_props/TeX/ch_inference_for_props_ex.tex
Overfull \hbox (58.27385pt too wide) in paragraph at lines 83--83
[][][] [][]$\OT1/cmtt/m/n/8 https : / / ecoamerica . org / wp-[]content / uploa
ds / 2018 / 10 / november-[]2018-[]american-[]climate-[]perspectives-[]survey .

 []

[84


]) [85]
\openout2 = `ch_regr_simple_linear/TeX/ch_regr_simple_linear.aux'.

 (./ch_regr_simple_linear/TeX/ch_regr_simple_linear.tex
Chapter 7.
[86



]
Overfull \hbox (35.24794pt too wide) in paragraph at lines 116--117
[]\OT1/cmr/m/n/10 In gen-eral, we can in-ves-ti-gate the dif-fer-ence be-tween 
$\OML/cmm/m/it/10 b[]$ \OT1/cmr/m/n/10 for three points $(\OML/cmm/m/it/10 x[];
 y[]\OT1/cmr/m/n/10 )\OML/cmm/m/it/10 ; \OT1/cmr/m/n/10 (\OML/cmm/m/it/10 x[]; 
y[]\OT1/cmr/m/n/10 )\OML/cmm/m/it/10 ; \OT1/cmr/m/n/10 (\OML/cmm/m/it/10 x[]; y
[]\OT1/cmr/m/n/10 )$
 []

[87]
Underfull \hbox (badness 10000) in paragraph at lines 140--141

 []


Underfull \hbox (badness 10000) in paragraph at lines 148--149

 []

[88] [89]
Underfull \hbox (badness 10000) in paragraph at lines 242--243

 []

[90]
Underfull \hbox (badness 10000) in paragraph at lines 306--307

 []


Overfull \hbox (42.79094pt too wide) in alignment at lines 323--327
 [][][] []
 []

[91]
Underfull \hbox (badness 10000) in paragraph at lines 395--396

 []


Underfull \hbox (badness 10000) in paragraph at lines 398--399

 []


Underfull \hbox (badness 10000) in paragraph at lines 420--421

 []

[92]
Underfull \hbox (badness 1783) in paragraph at lines 449--449
[]\OT1/cmr/m/n/10 Table 7.3: |A sum-mary of least squares fit. The point is tha
t
 []

[93] [94]
Underfull \vbox (badness 10000) has occurred while \output is active []

 [95]
[96] [97] [98] [99]

LaTeX Warning: Citation 'degroot2011probability' on page 100 undefined on input
 line 832.

[100]
Overfull \hbox (10.07394pt too wide) in paragraph at lines 908--938
[][]
 []


Overfull \hbox (2.22221pt too wide) in paragraph at lines 908--938
[]$ $[]$ 
 []

[101] [102]

LaTeX Warning: Citation 'doi:10.1086/676598' on page 103 undefined on input lin
e 1008.

[103] [104]) [105]
\openout2 = `ch_regr_simple_linear/TeX/ch_regr_simple_linear_ex.aux'.

 (./ch_regr_simple_linear/TeX/ch_regr_simple_linear_ex.tex)
[106


]
\openout2 = `ch_markov/TeX/ch_markov.aux'.

 (./ch_markov/TeX/ch_markov.tex
Chapter 8.
[107



]
Overfull \hbox (5.12524pt too wide) in paragraph at lines 98--98
[]   \OT1/cmtt/m/n/10 Position                     5    74   88   439  520  614
  797  1176 1263[] 
 []

[108]
Overfull \hbox (68.1247pt too wide) in paragraph at lines 120--120
[]\OT1/cmtt/m/n/10 AlaskaMarch24, AlaskaMarch25, AlaskaApril26, Illinois, Brazi
lMarch20: children of Hawaii[] 
 []

[109] [110] [111] [112]

LaTeX Warning: Citation 'fewpaths' on page 113 undefined on input line 350.

[113]
Overfull \hbox (2.18947pt too wide) detected at line 420
\U/msb/m/n/10 P\OT1/cmr/m/n/10 ([]001; \OML/cmm/m/it/10 S\OT1/cmr/m/n/10 (1) = 
\OML/cmm/m/it/10 s[] \OT1/cmr/m/n/10 = \OML/cmm/m/it/10 S\OT1/cmr/m/n/10 (2)) =
 \U/msb/m/n/10 P\OT1/cmr/m/n/10 (\OML/cmm/m/it/10 emit\OT1/cmr/m/n/10 0 \OMS/cm
sy/m/n/10 j \OML/cmm/m/it/10 s[]\OT1/cmr/m/n/10 )\U/msb/m/n/10 P\OT1/cmr/m/n/10
 (\OML/cmm/m/it/10 s[] \OMS/cmsy/m/n/10 j \OML/cmm/m/it/10 s[]\OT1/cmr/m/n/10 )
\U/msb/m/n/10 P\OT1/cmr/m/n/10 (\OML/cmm/m/it/10 emit\OT1/cmr/m/n/10 0 \OMS/cms
y/m/n/10 j \OML/cmm/m/it/10 s[]\OT1/cmr/m/n/10 )\U/msb/m/n/10 P\OT1/cmr/m/n/10 
(\OML/cmm/m/it/10 s[] \OMS/cmsy/m/n/10 j \OML/cmm/m/it/10 s[]\OT1/cmr/m/n/10 )\
U/msb/m/n/10 P\OT1/cmr/m/n/10 (\OML/cmm/m/it/10 emit\OT1/cmr/m/n/10 1 \OMS/cmsy
/m/n/10 j \OML/cmm/m/it/10 s[]\OT1/cmr/m/n/10 )
 []

[114] [115]

LaTeX Warning: Citation 'MR0423716' on page 116 undefined on input line 551.

[116] [117]
Overfull \hbox (0.55713pt too wide) in alignment at lines 646--652
 [][][] []
 []


LaTeX Warning: Citation 'MR0468014' on page 118 undefined on input line 663.

[118] [119] [120]) [121]
\openout2 = `ch_markov/TeX/ch_markov_ex.aux'.

 (./ch_markov/TeX/ch_markov_ex.tex [122


]) [123]
\openout2 = `extraTeX/eoceSolutions/eoceSolutions.aux'.


(./extraTeX/eoceSolutions/eoceSolutions.tex
Appendix A.

Overfull \hbox (13.03534pt too wide) in alignment at lines 36--36
 [][][] []
 []


Overfull \hbox (6.75974pt too wide) in alignment at lines 57--57
 [][][] []
 []


Package multicol Warning: I moved some lines to the next page.
(multicol)                Footnotes on page 124 might be wrong on input line 57
.

[124



] [125]
<extraTex/eoceSolutions/likelihoodprinciple.jpg, id=1690, 2055.68pt x 1541.76pt
>
File: extraTex/eoceSolutions/likelihoodprinciple.jpg Graphic file (type jpg)
 <use extraTex/eoceSolutions/likelihoodprinciple.jpg>
Package pdftex.def Info: extraTex/eoceSolutions/likelihoodprinciple.jpg used on
 input line 135.
(pdftex.def)             Requested size: 361.34999pt x 271.01183pt.


Package multicol Warning: I moved some lines to the next page.
(multicol)                Footnotes on page 126 might be wrong on input line 17
0.

[126 <./extraTex/eoceSolutions/likelihoodprinciple.jpg>]
Overfull \hbox (26.24966pt too wide) in alignment at lines 186--186
 [][][] []
 []

[127]
Overfull \hbox (3.40347pt too wide) in alignment at lines 298--298
 [][][] []
 []


Underfull \hbox (badness 10000) in paragraph at lines 298--298
[][][][][]$\OT1/cmtt/m/n/8 https : / / www . wolframalpha . com / input / ?i = 
%5Cfrac % 7B(u % 2B % 5Cfrac1 % 7B25 % 7D ) (1-[]u-[] % 5Cfrac1 %
 []

[128]
Underfull \hbox (badness 10000) in paragraph at lines 392--392
\OT1/cmr/m/n/9 (c) This is sim-i-lar to (a). Take
 []


Overfull \vbox (13.0025pt too high) has occurred while \output is active []


[129]
Overfull \hbox (0.40338pt too wide) detected at line 442
[][] \OMS/cmsy/m/n/9 ^^@ \OML/cmm/m/it/9 b \OT1/cmr/m/n/9 = 0  =[]\OMS/cmsy/m/n
/9 )  [][] \OT1/cmr/m/n/9 = \OML/cmm/m/it/9 b  \OT1/cmr/m/n/9 =[]\OMS/cmsy/m/n/
9 )  \OT1/cmr/m/n/9 ([][])[] \OMS/cmsy/m/n/9 ^^@ \OML/cmm/m/it/9 b[] \OT1/cmr/m
/n/9 = 0
 []

) [130]
\openout2 = `extraTeX/index/index.aux'.

 (./extraTeX/index/index.tex)
runsystem(makeindex s4cs.idx)...executed.

 (./s4cs.ind [131



\indexentry{probability sample|see{sample}}{131}
\indexentry{df|see{degrees of freedom (df)}}{131}



]) [132]
Package atveryend Info: Empty hook `BeforeClearDocument' on input line 109.
Package atveryend Info: Empty hook `AfterLastShipout' on input line 109.
 (./s4cs.aux (./extraTeX/preamble/copyright.aux)
(./extraTeX/preamble/preface.aux) (./ch_intro_to_data/TeX/ch_intro_to_data.aux)
(./ch_intro_to_data/TeX/ch_intro_to_data_ex.aux)
(./ch_probability/TeX/ch_probability.aux)
(./ch_probability/TeX/ch_probability_ex.aux)
(./ch_distributions/TeX/ch_distributions.aux)
(./ch_distributions/TeX/ch_distributions_ex.aux)
(./ch_inference_foundations/TeX/ch_inference_foundations.aux)
(./ch_inference_foundations/TeX/ch_inference_foundations_ex.aux)
(./ch_inference_for_means/TeX/ch_inference_for_means.aux)
(./ch_inference_for_means/TeX/ch_inference_for_means_ex.aux)
(./ch_inference_for_props/TeX/ch_inference_for_props.aux)
(./ch_inference_for_props/TeX/ch_inference_for_props_ex.aux)
(./ch_regr_simple_linear/TeX/ch_regr_simple_linear.aux)
(./ch_regr_simple_linear/TeX/ch_regr_simple_linear_ex.aux)
(./ch_markov/TeX/ch_markov.aux) (./ch_markov/TeX/ch_markov_ex.aux)
(./extraTeX/eoceSolutions/eoceSolutions.aux) (./extraTeX/index/index.aux))
Package atveryend Info: Executing hook `AtVeryEndDocument' on input line 109.
Package atveryend Info: Executing hook `AtEndAfterFileList' on input line 109.
Package rerunfilecheck Info: File `s4cs.out' has not changed.
(rerunfilecheck)             Checksum: 013D2582F0D1B090AD2E5D8A663023DB;4206.


LaTeX Warning: There were undefined references.


LaTeX Warning: Label(s) may have changed. Rerun to get cross-references right.


Package biblatex Warning: Please (re)run BibTeX on the file(s):
(biblatex)                s4cs
(biblatex)                and rerun LaTeX afterwards.

Package logreq Info: Writing requests to 's4cs.run.xml'.
\openout1 = `s4cs.run.xml'.

Package atveryend Info: Empty hook `AtVeryVeryEnd' on input line 109.
 )
(\end occurred inside a group at level 1)

### simple group (level 1) entered at line 237 ({)
### bottom level 
Here is how much of TeX's memory you used:
 38344 strings out of 493014
 862160 string characters out of 6133351
 1330816 words of memory out of 5000000
 40359 multiletter control sequences out of 15000+600000
 25258 words of font info for 98 fonts, out of 8000000 for 9000
 1141 hyphenation exceptions out of 8191
 62i,19n,107p,932b,4266s stack positions out of 5000i,500n,10000p,200000b,80000s
{/usr/local/texlive/2016/texmf-dist/fonts/enc/dvips/cm-super/cm
-super-ts1.enc}</usr/local/texlive/2016/texmf-dist/fonts/type1/public/amsfonts/
cm/cmbx10.pfb></usr/local/texlive/2016/texmf-dist/fonts/type1/public/amsfonts/c
m/cmbx12.pfb></usr/local/texlive/2016/texmf-dist/fonts/type1/public/amsfonts/cm
/cmbx7.pfb></usr/local/texlive/2016/texmf-dist/fonts/type1/public/amsfonts/cm/c
mbx8.pfb></usr/local/texlive/2016/texmf-dist/fonts/type1/public/amsfonts/cm/cmb
x9.pfb></usr/local/texlive/2016/texmf-dist/fonts/type1/public/amsfonts/cm/cmbxt
i10.pfb></usr/local/texlive/2016/texmf-dist/fonts/type1/public/amsfonts/cm/cmex
10.pfb></usr/local/texlive/2016/texmf-dist/fonts/type1/public/amsfonts/cmextra/
cmex7.pfb></usr/local/texlive/2016/texmf-dist/fonts/type1/public/amsfonts/cmext
ra/cmex8.pfb></usr/local/texlive/2016/texmf-dist/fonts/type1/public/amsfonts/cm
extra/cmex9.pfb></usr/local/texlive/2016/texmf-dist/fonts/type1/public/amsfonts
/cm/cmmi10.pfb></usr/local/texlive/2016/texmf-dist/fonts/type1/public/amsfonts/
cm/cmmi12.pfb></usr/local/texlive/2016/texmf-dist/fonts/type1/public/amsfonts/c
m/cmmi5.pfb></usr/local/texlive/2016/texmf-dist/fonts/type1/public/amsfonts/cm/
cmmi6.pfb></usr/local/texlive/2016/texmf-dist/fonts/type1/public/amsfonts/cm/cm
mi7.pfb></usr/local/texlive/2016/texmf-dist/fonts/type1/public/amsfonts/cm/cmmi
8.pfb></usr/local/texlive/2016/texmf-dist/fonts/type1/public/amsfonts/cm/cmmi9.
pfb></usr/local/texlive/2016/texmf-dist/fonts/type1/public/amsfonts/cm/cmr10.pf
b></usr/local/texlive/2016/texmf-dist/fonts/type1/public/amsfonts/cm/cmr12.pfb>
</usr/local/texlive/2016/texmf-dist/fonts/type1/public/amsfonts/cm/cmr17.pfb></
usr/local/texlive/2016/texmf-dist/fonts/type1/public/amsfonts/cm/cmr5.pfb></usr
/local/texlive/2016/texmf-dist/fonts/type1/public/amsfonts/cm/cmr6.pfb></usr/lo
cal/texlive/2016/texmf-dist/fonts/type1/public/amsfonts/cm/cmr7.pfb></usr/local
/texlive/2016/texmf-dist/fonts/type1/public/amsfonts/cm/cmr8.pfb></usr/local/te
xlive/2016/texmf-dist/fonts/type1/public/amsfonts/cm/cmr9.pfb></usr/local/texli
ve/2016/texmf-dist/fonts/type1/public/amsfonts/cm/cmsl10.pfb></usr/local/texliv
e/2016/texmf-dist/fonts/type1/public/amsfonts/cm/cmsy10.pfb></usr/local/texlive
/2016/texmf-dist/fonts/type1/public/amsfonts/cm/cmsy5.pfb></usr/local/texlive/2
016/texmf-dist/fonts/type1/public/amsfonts/cm/cmsy6.pfb></usr/local/texlive/201
6/texmf-dist/fonts/type1/public/amsfonts/cm/cmsy7.pfb></usr/local/texlive/2016/
texmf-dist/fonts/type1/public/amsfonts/cm/cmsy8.pfb></usr/local/texlive/2016/te
xmf-dist/fonts/type1/public/amsfonts/cm/cmsy9.pfb></usr/local/texlive/2016/texm
f-dist/fonts/type1/public/amsfonts/cm/cmti10.pfb></usr/local/texlive/2016/texmf
-dist/fonts/type1/public/amsfonts/cm/cmti7.pfb></usr/local/texlive/2016/texmf-d
ist/fonts/type1/public/amsfonts/cm/cmti8.pfb></usr/local/texlive/2016/texmf-dis
t/fonts/type1/public/amsfonts/cm/cmti9.pfb></usr/local/texlive/2016/texmf-dist/
fonts/type1/public/amsfonts/cm/cmtt10.pfb></usr/local/texlive/2016/texmf-dist/f
onts/type1/public/amsfonts/cm/cmtt8.pfb></usr/local/texlive/2016/texmf-dist/fon
ts/type1/public/amsfonts/symbols/msbm10.pfb></usr/local/texlive/2016/texmf-dist
/fonts/type1/public/amsfonts/symbols/msbm7.pfb></usr/local/texlive/2016/texmf-d
ist/fonts/type1/public/rsfs/rsfs10.pfb></usr/local/texlive/2016/texmf-dist/font
s/type1/public/cm-super/sfrm0800.pfb></usr/local/texlive/2016/texmf-dist/fonts/
type1/public/cm-super/sfrm0900.pfb></usr/local/texlive/2016/texmf-dist/fonts/ty
pe1/public/cm-super/sfrm1000.pfb></usr/local/texlive/2016/texmf-dist/fonts/type
1/public/wasy2-ps/wasy10.pfb>
Output written on s4cs.pdf (132 pages, 1767401 bytes).
PDF statistics:
 2051 PDF objects out of 2073 (max. 8388607)
 1810 compressed objects within 19 object streams
 671 named destinations out of 1000 (max. 500000)
 600 words of extra memory for PDF output out of 10000 (max. 10000000)

