\BOOKMARK [0][-]{chapter.1}{1 Introduction to data}{}% 1
\BOOKMARK [1][-]{section.1.1}{1.1 Continuous and discrete}{chapter.1}% 2
\BOOKMARK [1][-]{section.1.2}{1.2 Categorical variables}{chapter.1}% 3
\BOOKMARK [1][-]{section.1.3}{1.3 Examining numerical data}{chapter.1}% 4
\BOOKMARK [1][-]{section.1.4}{1.4 Sampling}{chapter.1}% 5
\BOOKMARK [1][-]{section.1.5}{1.5 Exercises}{chapter.1}% 6
\BOOKMARK [0][-]{chapter.2}{2 Probability}{}% 7
\BOOKMARK [1][-]{section.2.1}{2.1 Law of large numbers}{chapter.2}% 8
\BOOKMARK [1][-]{section.2.2}{2.2 Independence and conditional probability}{chapter.2}% 9
\BOOKMARK [1][-]{section.2.3}{2.3 Bayesian statistics}{chapter.2}% 10
\BOOKMARK [1][-]{section.2.4}{2.4 Random variables}{chapter.2}% 11
\BOOKMARK [1][-]{section.2.5}{2.5 Continuous distributions and a review of calculus}{chapter.2}% 12
\BOOKMARK [1][-]{section.2.6}{2.6 Exercises}{chapter.2}% 13
\BOOKMARK [0][-]{chapter.3}{3 Distributions of random variables}{}% 14
\BOOKMARK [1][-]{section.3.1}{3.1 Normal distribution}{chapter.3}% 15
\BOOKMARK [1][-]{section.3.2}{3.2 Bernoulli distribution}{chapter.3}% 16
\BOOKMARK [1][-]{section.3.3}{3.3 Geometric distribution}{chapter.3}% 17
\BOOKMARK [1][-]{section.3.4}{3.4 Binomial distribution}{chapter.3}% 18
\BOOKMARK [1][-]{section.3.5}{3.5 More discrete distributions}{chapter.3}% 19
\BOOKMARK [1][-]{section.3.6}{3.6 Applications}{chapter.3}% 20
